---------------------------------------------------------------
[ 2018-11-03T08:58:20+08:00 ] 123.53.39.12 POST /
[ info ] yfserve.bjfable.com/ [运行时间：0.251498s][吞吐率：3.98req/s] [内存消耗：1,381.86kb] [文件加载：80]
[ info ] [ LANG ] /www/web/test/yifu/serve/thinkphp/lang/zh-cn.php
[ info ] [ BIND ] 'index'
[ info ] [ ROUTE ] array (
  'type' => 'module',
  'module' => 
  array (
    0 => 'index',
    1 => NULL,
    2 => NULL,
  ),
)
[ info ] [ HEADER ] array (
  'host' => 'yfserve.bjfable.com',
  'connection' => 'keep-alive',
  'content-length' => '24',
  'accept' => '*/*',
  'origin' => 'http://192.168.1.132',
  'user-agent' => 'Mozilla/5.0 (Windows NT 6.1; WOW64) AppleWebKit/537.36 (KHTML, like Gecko) Chrome/68.0.3440.106 Safari/537.36',
  'content-type' => 'application/x-www-form-urlencoded; charset=UTF-8',
  'referer' => 'http://192.168.1.132/',
  'accept-encoding' => 'gzip, deflate',
  'accept-language' => 'zh-CN,zh;q=0.9',
)
[ info ] [ PARAM ] array (
  'nozzle' => 'index_info',
  'token' => '',
)
[ info ] [ DB ] INIT mysql
[ info ] [ RUN ] app\index\controller\Index->index[ /www/web/test/yifu/serve/application/index/controller/Index.php ]
[ info ] [ LOG ] INIT File
---------------------------------------------------------------
[ 2018-11-03T08:58:21+08:00 ] 123.53.39.12 POST /
[ info ] yfserve.bjfable.com/ [运行时间：0.004848s][吞吐率：206.27req/s] [内存消耗：1,382.34kb] [文件加载：80]
[ info ] [ LANG ] /www/web/test/yifu/serve/thinkphp/lang/zh-cn.php
[ info ] [ BIND ] 'index'
[ info ] [ ROUTE ] array (
  'type' => 'module',
  'module' => 
  array (
    0 => 'index',
    1 => NULL,
    2 => NULL,
  ),
)
[ info ] [ HEADER ] array (
  'host' => 'yfserve.bjfable.com',
  'connection' => 'keep-alive',
  'content-length' => '24',
  'pragma' => 'no-cache',
  'cache-control' => 'no-cache',
  'accept' => '*/*',
  'origin' => 'http://192.168.1.132',
  'user-agent' => 'Mozilla/5.0 (Windows NT 6.1; WOW64) AppleWebKit/537.36 (KHTML, like Gecko) Chrome/68.0.3440.106 Safari/537.36',
  'content-type' => 'application/x-www-form-urlencoded; charset=UTF-8',
  'referer' => 'http://192.168.1.132/',
  'accept-encoding' => 'gzip, deflate',
  'accept-language' => 'zh-CN,zh;q=0.9',
)
[ info ] [ PARAM ] array (
  'nozzle' => 'index_info',
  'token' => '',
)
[ info ] [ DB ] INIT mysql
[ info ] [ RUN ] app\index\controller\Index->index[ /www/web/test/yifu/serve/application/index/controller/Index.php ]
[ info ] [ LOG ] INIT File
---------------------------------------------------------------
[ 2018-11-03T08:58:27+08:00 ] 123.53.39.12 POST /
[ info ] yfserve.bjfable.com/ [运行时间：0.004663s][吞吐率：214.45req/s] [内存消耗：1,381.87kb] [文件加载：80]
[ info ] [ LANG ] /www/web/test/yifu/serve/thinkphp/lang/zh-cn.php
[ info ] [ BIND ] 'index'
[ info ] [ ROUTE ] array (
  'type' => 'module',
  'module' => 
  array (
    0 => 'index',
    1 => NULL,
    2 => NULL,
  ),
)
[ info ] [ HEADER ] array (
  'host' => 'yfserve.bjfable.com',
  'connection' => 'keep-alive',
  'content-length' => '24',
  'accept' => '*/*',
  'origin' => 'http://192.168.1.132',
  'user-agent' => 'Mozilla/5.0 (Windows NT 6.1; WOW64) AppleWebKit/537.36 (KHTML, like Gecko) Chrome/68.0.3440.106 Safari/537.36',
  'content-type' => 'application/x-www-form-urlencoded; charset=UTF-8',
  'referer' => 'http://192.168.1.132/',
  'accept-encoding' => 'gzip, deflate',
  'accept-language' => 'zh-CN,zh;q=0.9',
)
[ info ] [ PARAM ] array (
  'nozzle' => 'index_info',
  'token' => '',
)
[ info ] [ DB ] INIT mysql
[ info ] [ RUN ] app\index\controller\Index->index[ /www/web/test/yifu/serve/application/index/controller/Index.php ]
[ info ] [ LOG ] INIT File
---------------------------------------------------------------
[ 2018-11-03T10:59:35+08:00 ] 123.53.39.12 POST /
[ info ] yfserve.bjfable.com/ [运行时间：0.005018s][吞吐率：199.28req/s] [内存消耗：1,361.85kb] [文件加载：79]
[ info ] [ BIND ] 'index'
[ info ] [ ROUTE ] array (
  'type' => 'module',
  'module' => 
  array (
    0 => 'index',
    1 => NULL,
    2 => NULL,
  ),
)
[ info ] [ HEADER ] array (
  'host' => 'yfserve.bjfable.com',
  'connection' => 'keep-alive',
  'content-length' => '24',
  'accept' => '*/*',
  'origin' => 'http://yfweb.bjfable.com',
  'user-agent' => 'Mozilla/5.0 (Windows NT 6.1; WOW64) AppleWebKit/537.36 (KHTML, like Gecko) Chrome/67.0.3396.79 Safari/537.36',
  'content-type' => 'application/x-www-form-urlencoded; charset=UTF-8',
  'referer' => 'http://yfweb.bjfable.com/',
  'accept-encoding' => 'gzip, deflate',
  'accept-language' => 'en-US,en;q=0.9',
)
[ info ] [ PARAM ] array (
  'nozzle' => 'index_info',
  'token' => '',
)
[ info ] [ DB ] INIT mysql
[ info ] [ RUN ] app\index\controller\Index->index[ /www/web/test/yifu/serve/application/index/controller/Index.php ]
[ info ] [ LOG ] INIT File
---------------------------------------------------------------
[ 2018-11-03T11:00:12+08:00 ] 123.53.39.12 POST /
[ info ] yfserve.bjfable.com/ [运行时间：0.045119s][吞吐率：22.16req/s] [内存消耗：1,448.88kb] [文件加载：83]
[ info ] [ BIND ] 'index'
[ info ] [ ROUTE ] array (
  'type' => 'module',
  'module' => 
  array (
    0 => 'index',
    1 => NULL,
    2 => NULL,
  ),
)
[ info ] [ HEADER ] array (
  'host' => 'yfserve.bjfable.com',
  'connection' => 'keep-alive',
  'content-length' => '53',
  'accept' => '*/*',
  'origin' => 'http://yfweb.bjfable.com',
  'user-agent' => 'Mozilla/5.0 (Windows NT 6.1; WOW64) AppleWebKit/537.36 (KHTML, like Gecko) Chrome/67.0.3396.79 Safari/537.36',
  'content-type' => 'application/x-www-form-urlencoded; charset=UTF-8',
  'referer' => 'http://yfweb.bjfable.com/',
  'accept-encoding' => 'gzip, deflate',
  'accept-language' => 'en-US,en;q=0.9',
)
[ info ] [ PARAM ] array (
  'nozzle' => 'login',
  'phone' => '13300000001',
  'password' => '123456',
  'type' => '1',
)
[ info ] [ DB ] INIT mysql
[ info ] [ RUN ] app\index\controller\Index->index[ /www/web/test/yifu/serve/application/index/controller/Index.php ]
[ info ] [ SESSION ] INIT array (
  'id' => '',
  'var_session_id' => '',
  'prefix' => 'think',
  'type' => '',
  'auto_start' => true,
)
[ info ] [ CACHE ] INIT File
[ info ] [ LOG ] INIT File
[ sql ] [ DB ] CONNECT:[ UseTime:0.000594s ] mysql:host=127.0.0.1;port=3306;dbname=futures;charset=utf8
[ sql ] [ SQL ] SHOW COLUMNS FROM `sn_user` [ RunTime:0.001571s ]
[ sql ] [ SQL ] SELECT * FROM `sn_user` WHERE  ( `phone` = '13300000001' OR `name` = '13300000001' OR `number` = '13300000001' )  AND `password` = 'e10adc3949ba59abbe56e057f20f883e' LIMIT 1 [ RunTime:0.000540s ]
[ sql ] [ EXPLAIN : array (
  'id' => 1,
  'select_type' => 'SIMPLE',
  'table' => 'sn_user',
  'type' => 'ALL',
  'possible_keys' => NULL,
  'key' => NULL,
  'key_len' => NULL,
  'ref' => NULL,
  'rows' => 7,
  'extra' => 'Using where',
) ]
[ sql ] [ SQL ] UPDATE `sn_user`  SET `last_time`=0,`login_time`=1541214012,`login_ip`='123.53.39.12',`token`='a8c0c2a74f323a2e4ab0069f95e0c563'  WHERE  `id` = 1 [ RunTime:0.003375s ]
---------------------------------------------------------------
[ 2018-11-03T11:00:15+08:00 ] 123.53.39.12 POST /
[ info ] yfserve.bjfable.com/ [运行时间：0.016549s][吞吐率：60.43req/s] [内存消耗：1,469.39kb] [文件加载：80]
[ info ] [ BIND ] 'index'
[ info ] [ ROUTE ] array (
  'type' => 'module',
  'module' => 
  array (
    0 => 'index',
    1 => NULL,
    2 => NULL,
  ),
)
[ info ] [ HEADER ] array (
  'host' => 'yfserve.bjfable.com',
  'connection' => 'keep-alive',
  'content-length' => '62',
  'accept' => '*/*',
  'origin' => 'http://yfweb.bjfable.com',
  'user-agent' => 'Mozilla/5.0 (Windows NT 6.1; WOW64) AppleWebKit/537.36 (KHTML, like Gecko) Chrome/67.0.3396.79 Safari/537.36',
  'content-type' => 'application/x-www-form-urlencoded; charset=UTF-8',
  'referer' => 'http://yfweb.bjfable.com/market.html',
  'accept-encoding' => 'gzip, deflate',
  'accept-language' => 'en-US,en;q=0.9',
)
[ info ] [ PARAM ] array (
  'nozzle' => 'find_user_config',
  'token' => 'a8c0c2a74f323a2e4ab0069f95e0c563',
)
[ info ] [ DB ] INIT mysql
[ info ] [ RUN ] app\index\controller\Index->index[ /www/web/test/yifu/serve/application/index/controller/Index.php ]
[ info ] [ LOG ] INIT File
[ sql ] [ DB ] CONNECT:[ UseTime:0.000543s ] mysql:host=127.0.0.1;port=3306;dbname=futures;charset=utf8
[ sql ] [ SQL ] SHOW COLUMNS FROM `sn_user` [ RunTime:0.001761s ]
[ sql ] [ SQL ] SELECT * FROM `sn_user` WHERE  `token` = 'a8c0c2a74f323a2e4ab0069f95e0c563'  AND `status` = 1 LIMIT 1 [ RunTime:0.000520s ]
[ sql ] [ EXPLAIN : array (
  'id' => 1,
  'select_type' => 'SIMPLE',
  'table' => 'sn_user',
  'type' => 'ALL',
  'possible_keys' => NULL,
  'key' => NULL,
  'key_len' => NULL,
  'ref' => NULL,
  'rows' => 7,
  'extra' => 'Using where',
) ]
[ sql ] [ SQL ] SHOW COLUMNS FROM `sn_user_config` [ RunTime:0.004141s ]
[ sql ] [ SQL ] SELECT * FROM `sn_user_config` WHERE  `uid` = 1 LIMIT 1 [ RunTime:0.000435s ]
[ sql ] [ EXPLAIN : array (
  'id' => 1,
  'select_type' => 'SIMPLE',
  'table' => 'sn_user_config',
  'type' => 'ALL',
  'possible_keys' => NULL,
  'key' => NULL,
  'key_len' => NULL,
  'ref' => NULL,
  'rows' => 1,
  'extra' => 'Using where',
) ]
[ sql ] [ SQL ] SELECT * FROM `sn_user_config` WHERE  `uid` = 0 LIMIT 1 [ RunTime:0.000249s ]
[ sql ] [ EXPLAIN : array (
  'id' => 1,
  'select_type' => 'SIMPLE',
  'table' => 'sn_user_config',
  'type' => 'ALL',
  'possible_keys' => NULL,
  'key' => NULL,
  'key_len' => NULL,
  'ref' => NULL,
  'rows' => 1,
  'extra' => 'Using where',
) ]
---------------------------------------------------------------
[ 2018-11-03T11:00:15+08:00 ] 123.53.39.12 POST /
[ info ] yfserve.bjfable.com/ [运行时间：0.016054s][吞吐率：62.29req/s] [内存消耗：1,472.16kb] [文件加载：81]
[ info ] [ BIND ] 'index'
[ info ] [ ROUTE ] array (
  'type' => 'module',
  'module' => 
  array (
    0 => 'index',
    1 => NULL,
    2 => NULL,
  ),
)
[ info ] [ HEADER ] array (
  'host' => 'yfserve.bjfable.com',
  'connection' => 'keep-alive',
  'content-length' => '52',
  'accept' => '*/*',
  'origin' => 'http://yfweb.bjfable.com',
  'user-agent' => 'Mozilla/5.0 (Windows NT 6.1; WOW64) AppleWebKit/537.36 (KHTML, like Gecko) Chrome/67.0.3396.79 Safari/537.36',
  'content-type' => 'application/x-www-form-urlencoded; charset=UTF-8',
  'referer' => 'http://yfweb.bjfable.com/market_lable.html',
  'accept-encoding' => 'gzip, deflate',
  'accept-language' => 'en-US,en;q=0.9',
)
[ info ] [ PARAM ] array (
  'nozzle' => 'bourse',
  'token' => 'a8c0c2a74f323a2e4ab0069f95e0c563',
)
[ info ] [ DB ] INIT mysql
[ info ] [ RUN ] app\index\controller\Index->index[ /www/web/test/yifu/serve/application/index/controller/Index.php ]
[ info ] [ LOG ] INIT File
[ sql ] [ DB ] CONNECT:[ UseTime:0.000391s ] mysql:host=127.0.0.1;port=3306;dbname=futures;charset=utf8
[ sql ] [ SQL ] SHOW COLUMNS FROM `sn_exchange` [ RunTime:0.001453s ]
[ sql ] [ SQL ] SELECT * FROM `sn_exchange` WHERE  `status` = 1 ORDER BY `sort` DESC [ RunTime:0.000275s ]
[ sql ] [ EXPLAIN : array (
  'id' => 1,
  'select_type' => 'SIMPLE',
  'table' => 'sn_exchange',
  'type' => 'ALL',
  'possible_keys' => NULL,
  'key' => NULL,
  'key_len' => NULL,
  'ref' => NULL,
  'rows' => 13,
  'extra' => 'Using where; Using filesort',
) ]
[ sql ] [ SQL ] SHOW COLUMNS FROM `sn_futures` [ RunTime:0.001470s ]
[ sql ] [ SQL ] SELECT * FROM `sn_futures` WHERE  `status` = 1  AND `bourse` = 4 [ RunTime:0.000276s ]
[ sql ] [ EXPLAIN : array (
  'id' => 1,
  'select_type' => 'SIMPLE',
  'table' => 'sn_futures',
  'type' => 'ALL',
  'possible_keys' => NULL,
  'key' => NULL,
  'key_len' => NULL,
  'ref' => NULL,
  'rows' => 83,
  'extra' => 'Using where',
) ]
[ sql ] [ SQL ] SHOW COLUMNS FROM `sn_contract` [ RunTime:0.001321s ]
[ sql ] [ SQL ] SELECT * FROM `sn_contract` WHERE  `status` = 1  AND `bourse` = 4 [ RunTime:0.000248s ]
[ sql ] [ EXPLAIN : array (
  'id' => 1,
  'select_type' => 'SIMPLE',
  'table' => 'sn_contract',
  'type' => 'ALL',
  'possible_keys' => NULL,
  'key' => NULL,
  'key_len' => NULL,
  'ref' => NULL,
  'rows' => 847,
  'extra' => 'Using where',
) ]
[ warn ] SQL:SELECT * FROM `sn_exchange` WHERE  `status` = :where_AND_status ORDER BY `sort` DESC[Using where; Using filesort]
---------------------------------------------------------------
[ 2018-11-03T11:00:15+08:00 ] 123.53.39.12 POST /
[ info ] yfserve.bjfable.com/ [运行时间：0.008108s][吞吐率：123.33req/s] [内存消耗：1,409.52kb] [文件加载：80]
[ info ] [ BIND ] 'index'
[ info ] [ ROUTE ] array (
  'type' => 'module',
  'module' => 
  array (
    0 => 'index',
    1 => NULL,
    2 => NULL,
  ),
)
[ info ] [ HEADER ] array (
  'host' => 'yfserve.bjfable.com',
  'connection' => 'keep-alive',
  'content-length' => '61',
  'accept' => '*/*',
  'origin' => 'http://yfweb.bjfable.com',
  'user-agent' => 'Mozilla/5.0 (Windows NT 6.1; WOW64) AppleWebKit/537.36 (KHTML, like Gecko) Chrome/67.0.3396.79 Safari/537.36',
  'content-type' => 'application/x-www-form-urlencoded; charset=UTF-8',
  'referer' => 'http://yfweb.bjfable.com/market.html',
  'accept-encoding' => 'gzip, deflate',
  'accept-language' => 'en-US,en;q=0.9',
)
[ info ] [ PARAM ] array (
  'nozzle' => 'protocol',
  'type' => '2',
  'token' => 'a8c0c2a74f323a2e4ab0069f95e0c563',
)
[ info ] [ DB ] INIT mysql
[ info ] [ RUN ] app\index\controller\Index->index[ /www/web/test/yifu/serve/application/index/controller/Index.php ]
[ info ] [ LOG ] INIT File
[ sql ] [ DB ] CONNECT:[ UseTime:0.000385s ] mysql:host=127.0.0.1;port=3306;dbname=futures;charset=utf8
[ sql ] [ SQL ] SHOW COLUMNS FROM `sn_protocol` [ RunTime:0.002029s ]
[ sql ] [ SQL ] SELECT `content` FROM `sn_protocol` WHERE  `id` = 2 LIMIT 1 [ RunTime:0.000213s ]
[ sql ] [ EXPLAIN : array (
  'id' => 1,
  'select_type' => 'SIMPLE',
  'table' => 'sn_protocol',
  'type' => 'const',
  'possible_keys' => 'PRIMARY',
  'key' => 'PRIMARY',
  'key_len' => '4',
  'ref' => 'const',
  'rows' => 1,
  'extra' => '',
) ]
---------------------------------------------------------------
[ 2018-11-03T11:00:15+08:00 ] 123.53.39.12 POST /
[ info ] yfserve.bjfable.com/ [运行时间：0.011715s][吞吐率：85.36req/s] [内存消耗：1,436.63kb] [文件加载：80]
[ info ] [ BIND ] 'index'
[ info ] [ ROUTE ] array (
  'type' => 'module',
  'module' => 
  array (
    0 => 'index',
    1 => NULL,
    2 => NULL,
  ),
)
[ info ] [ HEADER ] array (
  'host' => 'yfserve.bjfable.com',
  'connection' => 'keep-alive',
  'content-length' => '53',
  'accept' => '*/*',
  'origin' => 'http://yfweb.bjfable.com',
  'user-agent' => 'Mozilla/5.0 (Windows NT 6.1; WOW64) AppleWebKit/537.36 (KHTML, like Gecko) Chrome/67.0.3396.79 Safari/537.36',
  'content-type' => 'application/x-www-form-urlencoded; charset=UTF-8',
  'referer' => 'http://yfweb.bjfable.com/market.html',
  'accept-encoding' => 'gzip, deflate',
  'accept-language' => 'en-US,en;q=0.9',
)
[ info ] [ PARAM ] array (
  'nozzle' => 'account',
  'token' => 'a8c0c2a74f323a2e4ab0069f95e0c563',
)
[ info ] [ DB ] INIT mysql
[ info ] [ RUN ] app\index\controller\Index->index[ /www/web/test/yifu/serve/application/index/controller/Index.php ]
[ info ] [ LOG ] INIT File
[ sql ] [ DB ] CONNECT:[ UseTime:0.000353s ] mysql:host=127.0.0.1;port=3306;dbname=futures;charset=utf8
[ sql ] [ SQL ] SHOW COLUMNS FROM `sn_user` [ RunTime:0.002156s ]
[ sql ] [ SQL ] SELECT * FROM `sn_user` WHERE  `token` = 'a8c0c2a74f323a2e4ab0069f95e0c563'  AND `status` = 1 LIMIT 1 [ RunTime:0.000319s ]
[ sql ] [ EXPLAIN : array (
  'id' => 1,
  'select_type' => 'SIMPLE',
  'table' => 'sn_user',
  'type' => 'ALL',
  'possible_keys' => NULL,
  'key' => NULL,
  'key_len' => NULL,
  'ref' => NULL,
  'rows' => 7,
  'extra' => 'Using where',
) ]
[ sql ] [ SQL ] SHOW COLUMNS FROM `sn_user_account` [ RunTime:0.001604s ]
[ sql ] [ SQL ] SELECT * FROM `sn_user_account` WHERE  `uid` = 1 LIMIT 1 [ RunTime:0.000278s ]
[ sql ] [ EXPLAIN : array (
  'id' => 1,
  'select_type' => 'SIMPLE',
  'table' => 'sn_user_account',
  'type' => 'const',
  'possible_keys' => 'PRIMARY',
  'key' => 'PRIMARY',
  'key_len' => '4',
  'ref' => 'const',
  'rows' => 1,
  'extra' => '',
) ]
---------------------------------------------------------------
[ 2018-11-03T11:00:15+08:00 ] 123.53.39.12 POST /
[ info ] yfserve.bjfable.com/ [运行时间：0.012868s][吞吐率：77.71req/s] [内存消耗：1,480.16kb] [文件加载：81]
[ info ] [ BIND ] 'index'
[ info ] [ ROUTE ] array (
  'type' => 'module',
  'module' => 
  array (
    0 => 'index',
    1 => NULL,
    2 => NULL,
  ),
)
[ info ] [ HEADER ] array (
  'host' => 'yfserve.bjfable.com',
  'connection' => 'keep-alive',
  'content-length' => '56',
  'accept' => '*/*',
  'origin' => 'http://yfweb.bjfable.com',
  'user-agent' => 'Mozilla/5.0 (Windows NT 6.1; WOW64) AppleWebKit/537.36 (KHTML, like Gecko) Chrome/67.0.3396.79 Safari/537.36',
  'content-type' => 'application/x-www-form-urlencoded; charset=UTF-8',
  'referer' => 'http://yfweb.bjfable.com/my/my_hold.html',
  'accept-encoding' => 'gzip, deflate',
  'accept-language' => 'en-US,en;q=0.9',
)
[ info ] [ PARAM ] array (
  'nozzle' => 'depot_info',
  'token' => 'a8c0c2a74f323a2e4ab0069f95e0c563',
)
[ info ] [ DB ] INIT mysql
[ info ] [ RUN ] app\index\controller\Index->index[ /www/web/test/yifu/serve/application/index/controller/Index.php ]
[ info ] [ LOG ] INIT File
[ sql ] [ DB ] CONNECT:[ UseTime:0.000345s ] mysql:host=127.0.0.1;port=3306;dbname=futures;charset=utf8
[ sql ] [ SQL ] SHOW COLUMNS FROM `sn_user` [ RunTime:0.001594s ]
[ sql ] [ SQL ] SELECT * FROM `sn_user` WHERE  `token` = 'a8c0c2a74f323a2e4ab0069f95e0c563'  AND `status` = 1 LIMIT 1 [ RunTime:0.000464s ]
[ sql ] [ EXPLAIN : array (
  'id' => 1,
  'select_type' => 'SIMPLE',
  'table' => 'sn_user',
  'type' => 'ALL',
  'possible_keys' => NULL,
  'key' => NULL,
  'key_len' => NULL,
  'ref' => NULL,
  'rows' => 7,
  'extra' => 'Using where',
) ]
[ sql ] [ SQL ] SHOW COLUMNS FROM `sn_depot` [ RunTime:0.002089s ]
[ sql ] [ SQL ] SELECT * FROM `sn_depot` WHERE  `uid` = 1 ORDER BY `time` ASC [ RunTime:0.000244s ]
[ sql ] [ EXPLAIN : array (
  'id' => 1,
  'select_type' => 'SIMPLE',
  'table' => 'sn_depot',
  'type' => 'ALL',
  'possible_keys' => NULL,
  'key' => NULL,
  'key_len' => NULL,
  'ref' => NULL,
  'rows' => 6,
  'extra' => 'Using where; Using filesort',
) ]
[ warn ] SQL:SELECT * FROM `sn_depot` WHERE  `uid` = :where_AND_uid ORDER BY `time` ASC[Using where; Using filesort]
---------------------------------------------------------------
[ 2018-11-03T11:00:15+08:00 ] 123.53.39.12 POST /
[ info ] yfserve.bjfable.com/ [运行时间：0.012683s][吞吐率：78.85req/s] [内存消耗：1,489.30kb] [文件加载：81]
[ info ] [ BIND ] 'index'
[ info ] [ ROUTE ] array (
  'type' => 'module',
  'module' => 
  array (
    0 => 'index',
    1 => NULL,
    2 => NULL,
  ),
)
[ info ] [ HEADER ] array (
  'host' => 'yfserve.bjfable.com',
  'connection' => 'keep-alive',
  'content-length' => '58',
  'accept' => '*/*',
  'origin' => 'http://yfweb.bjfable.com',
  'user-agent' => 'Mozilla/5.0 (Windows NT 6.1; WOW64) AppleWebKit/537.36 (KHTML, like Gecko) Chrome/67.0.3396.79 Safari/537.36',
  'content-type' => 'application/x-www-form-urlencoded; charset=UTF-8',
  'referer' => 'http://yfweb.bjfable.com/my/my_hold.html',
  'accept-encoding' => 'gzip, deflate',
  'accept-language' => 'en-US,en;q=0.9',
)
[ info ] [ PARAM ] array (
  'nozzle' => 'cancel_index',
  'token' => 'a8c0c2a74f323a2e4ab0069f95e0c563',
)
[ info ] [ DB ] INIT mysql
[ info ] [ RUN ] app\index\controller\Index->index[ /www/web/test/yifu/serve/application/index/controller/Index.php ]
[ info ] [ LOG ] INIT File
[ sql ] [ DB ] CONNECT:[ UseTime:0.000353s ] mysql:host=127.0.0.1;port=3306;dbname=futures;charset=utf8
[ sql ] [ SQL ] SHOW COLUMNS FROM `sn_user` [ RunTime:0.001900s ]
[ sql ] [ SQL ] SELECT * FROM `sn_user` WHERE  `token` = 'a8c0c2a74f323a2e4ab0069f95e0c563'  AND `status` = 1 LIMIT 1 [ RunTime:0.000312s ]
[ sql ] [ EXPLAIN : array (
  'id' => 1,
  'select_type' => 'SIMPLE',
  'table' => 'sn_user',
  'type' => 'ALL',
  'possible_keys' => NULL,
  'key' => NULL,
  'key_len' => NULL,
  'ref' => NULL,
  'rows' => 7,
  'extra' => 'Using where',
) ]
[ sql ] [ SQL ] SHOW COLUMNS FROM `sn_entrust` [ RunTime:0.001614s ]
[ sql ] [ SQL ] SELECT * FROM `sn_entrust` WHERE  `uid` = 1 ORDER BY `time` DESC [ RunTime:0.000290s ]
[ sql ] [ EXPLAIN : array (
  'id' => 1,
  'select_type' => 'SIMPLE',
  'table' => 'sn_entrust',
  'type' => 'ALL',
  'possible_keys' => NULL,
  'key' => NULL,
  'key_len' => NULL,
  'ref' => NULL,
  'rows' => 11,
  'extra' => 'Using where; Using filesort',
) ]
[ warn ] SQL:SELECT * FROM `sn_entrust` WHERE  `uid` = :where_AND_uid ORDER BY `time` DESC[Using where; Using filesort]
---------------------------------------------------------------
[ 2018-11-03T11:03:01+08:00 ] 123.53.39.12 POST /
[ info ] yfserve.bjfable.com/ [运行时间：0.004429s][吞吐率：225.78req/s] [内存消耗：1,361.85kb] [文件加载：79]
[ info ] [ BIND ] 'index'
[ info ] [ ROUTE ] array (
  'type' => 'module',
  'module' => 
  array (
    0 => 'index',
    1 => NULL,
    2 => NULL,
  ),
)
[ info ] [ HEADER ] array (
  'host' => 'yfserve.bjfable.com',
  'connection' => 'keep-alive',
  'content-length' => '24',
  'accept' => '*/*',
  'origin' => 'http://yfweb.bjfable.com',
  'user-agent' => 'Mozilla/5.0 (Windows NT 6.1; WOW64) AppleWebKit/537.36 (KHTML, like Gecko) Chrome/67.0.3396.79 Safari/537.36',
  'content-type' => 'application/x-www-form-urlencoded; charset=UTF-8',
  'referer' => 'http://yfweb.bjfable.com/',
  'accept-encoding' => 'gzip, deflate',
  'accept-language' => 'en-US,en;q=0.9',
)
[ info ] [ PARAM ] array (
  'nozzle' => 'index_info',
  'token' => '',
)
[ info ] [ DB ] INIT mysql
[ info ] [ RUN ] app\index\controller\Index->index[ /www/web/test/yifu/serve/application/index/controller/Index.php ]
[ info ] [ LOG ] INIT File
---------------------------------------------------------------
[ 2018-11-03T12:11:06+08:00 ] 123.53.38.114 GET /
[ info ] yfserve.bjfable.com/ [运行时间：0.004765s][吞吐率：209.86req/s] [内存消耗：1,380.77kb] [文件加载：80]
[ info ] [ LANG ] /www/web/test/yifu/serve/thinkphp/lang/zh-cn.php
[ info ] [ BIND ] 'index'
[ info ] [ ROUTE ] array (
  'type' => 'module',
  'module' => 
  array (
    0 => 'index',
    1 => NULL,
    2 => NULL,
  ),
)
[ info ] [ HEADER ] array (
  'host' => 'yfserve.bjfable.com',
  'connection' => 'keep-alive',
  'cache-control' => 'max-age=0',
  'upgrade-insecure-requests' => '1',
  'user-agent' => 'Mozilla/5.0 (Windows NT 6.1; WOW64) AppleWebKit/537.36 (KHTML, like Gecko) Chrome/68.0.3440.106 Safari/537.36',
  'accept' => 'text/html,application/xhtml+xml,application/xml;q=0.9,image/webp,image/apng,*/*;q=0.8',
  'accept-encoding' => 'gzip, deflate',
  'accept-language' => 'zh-CN,zh;q=0.9,en;q=0.8',
)
[ info ] [ PARAM ] array (
)
[ info ] [ DB ] INIT mysql
[ info ] [ RUN ] app\index\controller\Index->index[ /www/web/test/yifu/serve/application/index/controller/Index.php ]
[ info ] [ LOG ] INIT File
---------------------------------------------------------------
[ 2018-11-03T12:11:07+08:00 ] 123.53.38.114 GET /favicon.ico
[ info ] yfserve.bjfable.com/favicon.ico [运行时间：0.085684s][吞吐率：11.67req/s] [内存消耗：299.78kb] [文件加载：43]
[ info ] [ LANG ] /www/web/test/yifu/serve/thinkphp/lang/zh-cn.php
[ info ] [ BIND ] 'index'
[ info ] [ ROUTE ] array (
  'type' => 'module',
  'module' => 
  array (
    0 => 'index',
    1 => 'favicon.ico',
    2 => NULL,
  ),
)
[ info ] [ HEADER ] array (
  'host' => 'yfserve.bjfable.com',
  'connection' => 'keep-alive',
  'pragma' => 'no-cache',
  'cache-control' => 'no-cache',
  'user-agent' => 'Mozilla/5.0 (Windows NT 6.1; WOW64) AppleWebKit/537.36 (KHTML, like Gecko) Chrome/68.0.3440.106 Safari/537.36',
  'accept' => 'image/webp,image/apng,image/*,*/*;q=0.8',
  'referer' => 'http://yfserve.bjfable.com/',
  'accept-encoding' => 'gzip, deflate',
  'accept-language' => 'zh-CN,zh;q=0.9,en;q=0.8',
  'cookie' => 'yunsuo_session_verify=fc91a7ea12673e98e680871e53c1885f',
)
[ info ] [ PARAM ] array (
)
[ info ] [ LOG ] INIT File
---------------------------------------------------------------
[ 2018-11-03T15:02:28+08:00 ] 123.53.38.114 POST /
[ info ] yfserve.bjfable.com/ [运行时间：0.009049s][吞吐率：110.51req/s] [内存消耗：1,452.23kb] [文件加载：81]
[ info ] [ LANG ] /www/web/test/yifu/serve/thinkphp/lang/zh-cn.php
[ info ] [ BIND ] 'index'
[ info ] [ ROUTE ] array (
  'type' => 'module',
  'module' => 
  array (
    0 => 'index',
    1 => NULL,
    2 => NULL,
  ),
)
[ info ] [ HEADER ] array (
  'host' => 'yfserve.bjfable.com',
  'connection' => 'keep-alive',
  'content-length' => '132',
  'accept' => '*/*',
  'origin' => 'chrome-extension://mdbgchaihbacjfjeikflfbelidihhmfn',
  'user-agent' => 'Mozilla/5.0 (Windows NT 6.1; Win64; x64) AppleWebKit/537.36 (KHTML, like Gecko) Chrome/67.0.3396.99 Safari/537.36',
  'content-type' => 'application/x-www-form-urlencoded',
  'accept-encoding' => 'gzip, deflate',
  'accept-language' => 'zh-CN,zh;q=0.9',
  'cookie' => 'yunsuo_session_verify=9506858b5b1a5adf2e0fbdb34cc74cb7',
  'cache-control' => 'no-cache',
)
[ info ] [ PARAM ] array (
  'nozzle' => 'trade',
  'token' => '1d2b5d384f543a47a571b1f8e771c66f',
  'code' => 'CL00Y',
  'pattern' => '0',
  'direction' => '0',
  'mode' => '0',
  'price' => '4092',
  'classify' => '1',
  'number' => '1',
  'order_id' => '',
)
[ info ] [ DB ] INIT mysql
[ info ] [ RUN ] app\index\controller\Index->index[ /www/web/test/yifu/serve/application/index/controller/Index.php ]
[ info ] [ LOG ] INIT File
[ sql ] [ DB ] CONNECT:[ UseTime:0.000547s ] mysql:host=127.0.0.1;port=3306;dbname=futures;charset=utf8
[ sql ] [ SQL ] SHOW COLUMNS FROM `sn_user` [ RunTime:0.001782s ]
[ sql ] [ SQL ] SELECT * FROM `sn_user` WHERE  `token` = '1d2b5d384f543a47a571b1f8e771c66f'  AND `status` = 1 LIMIT 1 [ RunTime:0.000612s ]
[ sql ] [ EXPLAIN : array (
  'id' => 1,
  'select_type' => 'SIMPLE',
  'table' => 'sn_user',
  'type' => 'ALL',
  'possible_keys' => NULL,
  'key' => NULL,
  'key_len' => NULL,
  'ref' => NULL,
  'rows' => 7,
  'extra' => 'Using where',
) ]
---------------------------------------------------------------
[ 2018-11-03T15:02:35+08:00 ] 123.53.38.114 POST /
[ info ] yfserve.bjfable.com/ [运行时间：0.008972s][吞吐率：111.46req/s] [内存消耗：1,452.23kb] [文件加载：81]
[ info ] [ LANG ] /www/web/test/yifu/serve/thinkphp/lang/zh-cn.php
[ info ] [ BIND ] 'index'
[ info ] [ ROUTE ] array (
  'type' => 'module',
  'module' => 
  array (
    0 => 'index',
    1 => NULL,
    2 => NULL,
  ),
)
[ info ] [ HEADER ] array (
  'host' => 'yfserve.bjfable.com',
  'connection' => 'keep-alive',
  'content-length' => '132',
  'accept' => '*/*',
  'origin' => 'chrome-extension://mdbgchaihbacjfjeikflfbelidihhmfn',
  'user-agent' => 'Mozilla/5.0 (Windows NT 6.1; Win64; x64) AppleWebKit/537.36 (KHTML, like Gecko) Chrome/67.0.3396.99 Safari/537.36',
  'content-type' => 'application/x-www-form-urlencoded',
  'accept-encoding' => 'gzip, deflate',
  'accept-language' => 'zh-CN,zh;q=0.9',
  'cookie' => 'yunsuo_session_verify=fc91a7ea12673e98e680871e53c1885f',
  'cache-control' => 'no-cache',
)
[ info ] [ PARAM ] array (
  'nozzle' => 'trade',
  'token' => '7511eb7e7cf03db4f11d95fdaf0496bd',
  'code' => 'CL00Y',
  'pattern' => '0',
  'direction' => '0',
  'mode' => '0',
  'price' => '4092',
  'classify' => '1',
  'number' => '1',
  'order_id' => '',
)
[ info ] [ DB ] INIT mysql
[ info ] [ RUN ] app\index\controller\Index->index[ /www/web/test/yifu/serve/application/index/controller/Index.php ]
[ info ] [ LOG ] INIT File
[ sql ] [ DB ] CONNECT:[ UseTime:0.000525s ] mysql:host=127.0.0.1;port=3306;dbname=futures;charset=utf8
[ sql ] [ SQL ] SHOW COLUMNS FROM `sn_user` [ RunTime:0.001590s ]
[ sql ] [ SQL ] SELECT * FROM `sn_user` WHERE  `token` = '7511eb7e7cf03db4f11d95fdaf0496bd'  AND `status` = 1 LIMIT 1 [ RunTime:0.000484s ]
[ sql ] [ EXPLAIN : array (
  'id' => 1,
  'select_type' => 'SIMPLE',
  'table' => 'sn_user',
  'type' => 'ALL',
  'possible_keys' => NULL,
  'key' => NULL,
  'key_len' => NULL,
  'ref' => NULL,
  'rows' => 7,
  'extra' => 'Using where',
) ]
---------------------------------------------------------------
[ 2018-11-03T15:02:47+08:00 ] 123.53.38.114 POST /
[ info ] yfserve.bjfable.com/ [运行时间：0.008862s][吞吐率：112.84req/s] [内存消耗：1,452.23kb] [文件加载：81]
[ info ] [ LANG ] /www/web/test/yifu/serve/thinkphp/lang/zh-cn.php
[ info ] [ BIND ] 'index'
[ info ] [ ROUTE ] array (
  'type' => 'module',
  'module' => 
  array (
    0 => 'index',
    1 => NULL,
    2 => NULL,
  ),
)
[ info ] [ HEADER ] array (
  'host' => 'yfserve.bjfable.com',
  'connection' => 'keep-alive',
  'content-length' => '132',
  'accept' => '*/*',
  'origin' => 'chrome-extension://mdbgchaihbacjfjeikflfbelidihhmfn',
  'user-agent' => 'Mozilla/5.0 (Windows NT 6.1; Win64; x64) AppleWebKit/537.36 (KHTML, like Gecko) Chrome/67.0.3396.99 Safari/537.36',
  'content-type' => 'application/x-www-form-urlencoded',
  'accept-encoding' => 'gzip, deflate',
  'accept-language' => 'zh-CN,zh;q=0.9',
  'cookie' => 'yunsuo_session_verify=fc91a7ea12673e98e680871e53c1885f',
  'cache-control' => 'no-cache',
)
[ info ] [ PARAM ] array (
  'nozzle' => 'trade',
  'token' => '7511eb7e7cf03db4f11d95fdaf0496bd',
  'code' => 'CL00Y',
  'pattern' => '0',
  'direction' => '0',
  'mode' => '0',
  'price' => '4092',
  'classify' => '1',
  'number' => '1',
  'order_id' => '',
)
[ info ] [ DB ] INIT mysql
[ info ] [ RUN ] app\index\controller\Index->index[ /www/web/test/yifu/serve/application/index/controller/Index.php ]
[ info ] [ LOG ] INIT File
[ sql ] [ DB ] CONNECT:[ UseTime:0.000766s ] mysql:host=127.0.0.1;port=3306;dbname=futures;charset=utf8
[ sql ] [ SQL ] SHOW COLUMNS FROM `sn_user` [ RunTime:0.001649s ]
[ sql ] [ SQL ] SELECT * FROM `sn_user` WHERE  `token` = '7511eb7e7cf03db4f11d95fdaf0496bd'  AND `status` = 1 LIMIT 1 [ RunTime:0.000487s ]
[ sql ] [ EXPLAIN : array (
  'id' => 1,
  'select_type' => 'SIMPLE',
  'table' => 'sn_user',
  'type' => 'ALL',
  'possible_keys' => NULL,
  'key' => NULL,
  'key_len' => NULL,
  'ref' => NULL,
  'rows' => 7,
  'extra' => 'Using where',
) ]
---------------------------------------------------------------
[ 2018-11-03T15:02:56+08:00 ] 123.53.38.114 POST /
[ info ] yfserve.bjfable.com/ [运行时间：0.010333s][吞吐率：96.78req/s] [内存消耗：1,452.23kb] [文件加载：81]
[ info ] [ LANG ] /www/web/test/yifu/serve/thinkphp/lang/zh-cn.php
[ info ] [ BIND ] 'index'
[ info ] [ ROUTE ] array (
  'type' => 'module',
  'module' => 
  array (
    0 => 'index',
    1 => NULL,
    2 => NULL,
  ),
)
[ info ] [ HEADER ] array (
  'host' => 'yfserve.bjfable.com',
  'connection' => 'keep-alive',
  'content-length' => '132',
  'accept' => '*/*',
  'origin' => 'chrome-extension://mdbgchaihbacjfjeikflfbelidihhmfn',
  'user-agent' => 'Mozilla/5.0 (Windows NT 6.1; Win64; x64) AppleWebKit/537.36 (KHTML, like Gecko) Chrome/67.0.3396.99 Safari/537.36',
  'content-type' => 'application/x-www-form-urlencoded',
  'accept-encoding' => 'gzip, deflate',
  'accept-language' => 'zh-CN,zh;q=0.9',
  'cookie' => 'yunsuo_session_verify=fc91a7ea12673e98e680871e53c1885f',
  'cache-control' => 'no-cache',
)
[ info ] [ PARAM ] array (
  'nozzle' => 'trade',
  'token' => 'c137ded85713a892ffaa3905cc7d723c',
  'code' => 'CL00Y',
  'pattern' => '0',
  'direction' => '0',
  'mode' => '0',
  'price' => '4092',
  'classify' => '1',
  'number' => '1',
  'order_id' => '',
)
[ info ] [ DB ] INIT mysql
[ info ] [ RUN ] app\index\controller\Index->index[ /www/web/test/yifu/serve/application/index/controller/Index.php ]
[ info ] [ LOG ] INIT File
[ sql ] [ DB ] CONNECT:[ UseTime:0.000426s ] mysql:host=127.0.0.1;port=3306;dbname=futures;charset=utf8
[ sql ] [ SQL ] SHOW COLUMNS FROM `sn_user` [ RunTime:0.001669s ]
[ sql ] [ SQL ] SELECT * FROM `sn_user` WHERE  `token` = 'c137ded85713a892ffaa3905cc7d723c'  AND `status` = 1 LIMIT 1 [ RunTime:0.000548s ]
[ sql ] [ EXPLAIN : array (
  'id' => 1,
  'select_type' => 'SIMPLE',
  'table' => 'sn_user',
  'type' => 'ALL',
  'possible_keys' => NULL,
  'key' => NULL,
  'key_len' => NULL,
  'ref' => NULL,
  'rows' => 7,
  'extra' => 'Using where',
) ]
