---------------------------------------------------------------
[ 2018-11-08T08:07:25+08:00 ] 123.53.38.148 POST /
[ info ] yfserve.bjfable.com/ [运行时间：1.078193s][吞吐率：0.93req/s] [内存消耗：1,478.66kb] [文件加载：81]
[ info ] [ LANG ] /www/web/test/yifu/serve/thinkphp/lang/zh-cn.php
[ info ] [ BIND ] 'index'
[ info ] [ ROUTE ] array (
  'type' => 'module',
  'module' => 
  array (
    0 => 'index',
    1 => NULL,
    2 => NULL,
  ),
)
[ info ] [ HEADER ] array (
  'host' => 'yfserve.bjfable.com',
  'connection' => 'keep-alive',
  'content-length' => '28',
  'accept' => 'application/json, text/plain, */*',
  'origin' => 'http://192.168.1.234:8080',
  'user-agent' => 'Mozilla/5.0 (Windows NT 6.1; Win64; x64) AppleWebKit/537.36 (KHTML, like Gecko) Chrome/70.0.3538.67 Safari/537.36',
  'content-type' => 'application/x-www-form-urlencoded',
  'accept-encoding' => 'gzip, deflate',
  'accept-language' => 'zh-CN,zh;q=0.9',
  'cookie' => 'yunsuo_session_verify=acb57576721ccfedac7629d0070bc1c6',
)
[ info ] [ PARAM ] array (
  'nozzle' => 'depot_info',
  'token' => 'null ',
)
[ info ] [ DB ] INIT mysql
[ info ] [ RUN ] app\index\controller\Index->index[ /www/web/test/yifu/serve/application/index/controller/Index.php ]
[ info ] [ LOG ] INIT File
[ sql ] [ DB ] CONNECT:[ UseTime:0.000432s ] mysql:host=127.0.0.1;port=3306;dbname=futures;charset=utf8
[ sql ] [ SQL ] SHOW COLUMNS FROM `sn_user` [ RunTime:0.001875s ]
[ sql ] [ SQL ] SELECT * FROM `sn_user` WHERE  `token` = 'null '  AND `status` = 1 LIMIT 1 [ RunTime:0.000597s ]
[ sql ] [ EXPLAIN : array (
  'id' => 1,
  'select_type' => 'SIMPLE',
  'table' => 'sn_user',
  'type' => 'ALL',
  'possible_keys' => NULL,
  'key' => NULL,
  'key_len' => NULL,
  'ref' => NULL,
  'rows' => 7,
  'extra' => 'Using where',
) ]
---------------------------------------------------------------
[ 2018-11-08T11:10:26+08:00 ] 123.53.38.148 POST /
[ info ] yfserve.bjfable.com/ [运行时间：0.067545s][吞吐率：14.80req/s] [内存消耗：1,473.27kb] [文件加载：84]
[ info ] [ LANG ] /www/web/test/yifu/serve/thinkphp/lang/zh-cn.php
[ info ] [ BIND ] 'index'
[ info ] [ ROUTE ] array (
  'type' => 'module',
  'module' => 
  array (
    0 => 'index',
    1 => NULL,
    2 => NULL,
  ),
)
[ info ] [ HEADER ] array (
  'host' => 'yfserve.bjfable.com',
  'connection' => 'keep-alive',
  'content-length' => '53',
  'accept' => 'application/json, text/plain, */*',
  'origin' => 'http://yfapp.bjfable.com',
  'user-agent' => 'Mozilla/5.0 (Linux; Android 8.1.0; ONEPLUS A5000 Build/OPM1.171019.011; wv) AppleWebKit/537.36 (KHTML, like Gecko) Version/4.0 Chrome/62.0.3202.84 Mobile Safari/537.36 Html5Plus/1.0',
  'content-type' => 'application/x-www-form-urlencoded',
  'accept-encoding' => 'gzip, deflate',
  'accept-language' => 'zh-CN,en-US;q=0.9',
  'cookie' => 'PHPSESSID=sf756bof9n89khujrr985a8b51',
  'x-requested-with' => 'io.dcloud.H5066E0BB',
)
[ info ] [ PARAM ] array (
  'nozzle' => 'login',
  'phone' => '13300000001',
  'password' => '123456',
  'type' => '0',
)
[ info ] [ DB ] INIT mysql
[ info ] [ RUN ] app\index\controller\Index->index[ /www/web/test/yifu/serve/application/index/controller/Index.php ]
[ info ] [ SESSION ] INIT array (
  'id' => '',
  'var_session_id' => '',
  'prefix' => 'think',
  'type' => '',
  'auto_start' => true,
)
[ info ] [ CACHE ] INIT File
[ info ] [ LOG ] INIT File
[ sql ] [ DB ] CONNECT:[ UseTime:0.000543s ] mysql:host=127.0.0.1;port=3306;dbname=futures;charset=utf8
[ sql ] [ SQL ] SHOW COLUMNS FROM `sn_user` [ RunTime:0.001648s ]
[ sql ] [ SQL ] SELECT * FROM `sn_user` WHERE  ( `phone` = '13300000001' OR `name` = '13300000001' OR `number` = '13300000001' )  AND `password` = 'e10adc3949ba59abbe56e057f20f883e' LIMIT 1 [ RunTime:0.000563s ]
[ sql ] [ EXPLAIN : array (
  'id' => 1,
  'select_type' => 'SIMPLE',
  'table' => 'sn_user',
  'type' => 'ALL',
  'possible_keys' => NULL,
  'key' => NULL,
  'key_len' => NULL,
  'ref' => NULL,
  'rows' => 7,
  'extra' => 'Using where',
) ]
[ sql ] [ SQL ] UPDATE `sn_user`  SET `last_time`=0,`login_time`=1541646626,`login_ip`='123.53.38.148',`token`='50b5e0646200f895f34abf48bb00c003'  WHERE  `id` = 1 [ RunTime:0.004196s ]
---------------------------------------------------------------
[ 2018-11-08T11:10:26+08:00 ] 123.53.38.148 POST /
[ info ] yfserve.bjfable.com/ [运行时间：0.011890s][吞吐率：84.10req/s] [内存消耗：1,457.31kb] [文件加载：81]
[ info ] [ LANG ] /www/web/test/yifu/serve/thinkphp/lang/zh-cn.php
[ info ] [ BIND ] 'index'
[ info ] [ ROUTE ] array (
  'type' => 'module',
  'module' => 
  array (
    0 => 'index',
    1 => NULL,
    2 => NULL,
  ),
)
[ info ] [ HEADER ] array (
  'host' => 'yfserve.bjfable.com',
  'connection' => 'keep-alive',
  'content-length' => '53',
  'accept' => 'application/json, text/plain, */*',
  'origin' => 'http://yfapp.bjfable.com',
  'user-agent' => 'Mozilla/5.0 (Linux; Android 8.1.0; ONEPLUS A5000 Build/OPM1.171019.011; wv) AppleWebKit/537.36 (KHTML, like Gecko) Version/4.0 Chrome/62.0.3202.84 Mobile Safari/537.36 Html5Plus/1.0',
  'content-type' => 'application/x-www-form-urlencoded',
  'accept-encoding' => 'gzip, deflate',
  'accept-language' => 'zh-CN,en-US;q=0.9',
  'cookie' => 'PHPSESSID=sf756bof9n89khujrr985a8b51; yunsuo_session_verify=d1258a71ec3fd27faced4e2193df3d39',
  'x-requested-with' => 'io.dcloud.H5066E0BB',
)
[ info ] [ PARAM ] array (
  'nozzle' => 'account',
  'token' => '50b5e0646200f895f34abf48bb00c003',
)
[ info ] [ DB ] INIT mysql
[ info ] [ RUN ] app\index\controller\Index->index[ /www/web/test/yifu/serve/application/index/controller/Index.php ]
[ info ] [ LOG ] INIT File
[ sql ] [ DB ] CONNECT:[ UseTime:0.000445s ] mysql:host=127.0.0.1;port=3306;dbname=futures;charset=utf8
[ sql ] [ SQL ] SHOW COLUMNS FROM `sn_user` [ RunTime:0.001616s ]
[ sql ] [ SQL ] SELECT * FROM `sn_user` WHERE  `token` = '50b5e0646200f895f34abf48bb00c003'  AND `status` = 1 LIMIT 1 [ RunTime:0.000485s ]
[ sql ] [ EXPLAIN : array (
  'id' => 1,
  'select_type' => 'SIMPLE',
  'table' => 'sn_user',
  'type' => 'ALL',
  'possible_keys' => NULL,
  'key' => NULL,
  'key_len' => NULL,
  'ref' => NULL,
  'rows' => 7,
  'extra' => 'Using where',
) ]
[ sql ] [ SQL ] SHOW COLUMNS FROM `sn_user_account` [ RunTime:0.001244s ]
[ sql ] [ SQL ] SELECT * FROM `sn_user_account` WHERE  `uid` = 1 LIMIT 1 [ RunTime:0.000288s ]
[ sql ] [ EXPLAIN : array (
  'id' => 1,
  'select_type' => 'SIMPLE',
  'table' => 'sn_user_account',
  'type' => 'const',
  'possible_keys' => 'PRIMARY',
  'key' => 'PRIMARY',
  'key_len' => '4',
  'ref' => 'const',
  'rows' => 1,
  'extra' => '',
) ]
---------------------------------------------------------------
[ 2018-11-08T11:10:27+08:00 ] 123.53.38.148 POST /
[ info ] yfserve.bjfable.com/ [运行时间：0.009203s][吞吐率：108.66req/s] [内存消耗：1,429.88kb] [文件加载：81]
[ info ] [ LANG ] /www/web/test/yifu/serve/thinkphp/lang/zh-cn.php
[ info ] [ BIND ] 'index'
[ info ] [ ROUTE ] array (
  'type' => 'module',
  'module' => 
  array (
    0 => 'index',
    1 => NULL,
    2 => NULL,
  ),
)
[ info ] [ HEADER ] array (
  'host' => 'yfserve.bjfable.com',
  'connection' => 'keep-alive',
  'content-length' => '22',
  'accept' => 'application/json, text/plain, */*',
  'origin' => 'http://yfapp.bjfable.com',
  'user-agent' => 'Mozilla/5.0 (Linux; Android 8.1.0; ONEPLUS A5000 Build/OPM1.171019.011; wv) AppleWebKit/537.36 (KHTML, like Gecko) Version/4.0 Chrome/62.0.3202.84 Mobile Safari/537.36 Html5Plus/1.0',
  'content-type' => 'application/x-www-form-urlencoded',
  'accept-encoding' => 'gzip, deflate',
  'accept-language' => 'zh-CN,en-US;q=0.9',
  'cookie' => 'PHPSESSID=sf756bof9n89khujrr985a8b51; yunsuo_session_verify=d1258a71ec3fd27faced4e2193df3d39',
  'x-requested-with' => 'io.dcloud.H5066E0BB',
)
[ info ] [ PARAM ] array (
  'nozzle' => 'protocol',
  'type' => '2',
)
[ info ] [ DB ] INIT mysql
[ info ] [ RUN ] app\index\controller\Index->index[ /www/web/test/yifu/serve/application/index/controller/Index.php ]
[ info ] [ LOG ] INIT File
[ sql ] [ DB ] CONNECT:[ UseTime:0.000457s ] mysql:host=127.0.0.1;port=3306;dbname=futures;charset=utf8
[ sql ] [ SQL ] SHOW COLUMNS FROM `sn_protocol` [ RunTime:0.001442s ]
[ sql ] [ SQL ] SELECT `content` FROM `sn_protocol` WHERE  `id` = 2 LIMIT 1 [ RunTime:0.000319s ]
[ sql ] [ EXPLAIN : array (
  'id' => 1,
  'select_type' => 'SIMPLE',
  'table' => 'sn_protocol',
  'type' => 'const',
  'possible_keys' => 'PRIMARY',
  'key' => 'PRIMARY',
  'key_len' => '4',
  'ref' => 'const',
  'rows' => 1,
  'extra' => '',
) ]
---------------------------------------------------------------
[ 2018-11-08T11:10:28+08:00 ] 123.53.38.148 POST /
[ info ] yfserve.bjfable.com/ [运行时间：0.059035s][吞吐率：16.94req/s] [内存消耗：1,514.39kb] [文件加载：82]
[ info ] [ LANG ] /www/web/test/yifu/serve/thinkphp/lang/zh-cn.php
[ info ] [ BIND ] 'index'
[ info ] [ ROUTE ] array (
  'type' => 'module',
  'module' => 
  array (
    0 => 'index',
    1 => NULL,
    2 => NULL,
  ),
)
[ info ] [ HEADER ] array (
  'host' => 'yfserve.bjfable.com',
  'connection' => 'keep-alive',
  'content-length' => '53',
  'accept' => 'application/json, text/plain, */*',
  'origin' => 'http://yfapp.bjfable.com',
  'user-agent' => 'Mozilla/5.0 (Linux; Android 8.1.0; ONEPLUS A5000 Build/OPM1.171019.011; wv) AppleWebKit/537.36 (KHTML, like Gecko) Version/4.0 Chrome/62.0.3202.84 Mobile Safari/537.36 Html5Plus/1.0',
  'content-type' => 'application/x-www-form-urlencoded',
  'accept-encoding' => 'gzip, deflate',
  'accept-language' => 'zh-CN,en-US;q=0.9',
  'cookie' => 'PHPSESSID=sf756bof9n89khujrr985a8b51; yunsuo_session_verify=d1258a71ec3fd27faced4e2193df3d39',
  'x-requested-with' => 'io.dcloud.H5066E0BB',
)
[ info ] [ PARAM ] array (
  'nozzle' => 'concern',
  'token' => '50b5e0646200f895f34abf48bb00c003',
)
[ info ] [ DB ] INIT mysql
[ info ] [ RUN ] app\index\controller\Index->index[ /www/web/test/yifu/serve/application/index/controller/Index.php ]
[ info ] [ LOG ] INIT File
[ sql ] [ DB ] CONNECT:[ UseTime:0.000381s ] mysql:host=127.0.0.1;port=3306;dbname=futures;charset=utf8
[ sql ] [ SQL ] SHOW COLUMNS FROM `sn_user` [ RunTime:0.001535s ]
[ sql ] [ SQL ] SELECT * FROM `sn_user` WHERE  `token` = '50b5e0646200f895f34abf48bb00c003'  AND `status` = 1 LIMIT 1 [ RunTime:0.000369s ]
[ sql ] [ EXPLAIN : array (
  'id' => 1,
  'select_type' => 'SIMPLE',
  'table' => 'sn_user',
  'type' => 'ALL',
  'possible_keys' => NULL,
  'key' => NULL,
  'key_len' => NULL,
  'ref' => NULL,
  'rows' => 7,
  'extra' => 'Using where',
) ]
[ sql ] [ SQL ] SHOW COLUMNS FROM `sn_user_account` [ RunTime:0.001861s ]
[ sql ] [ SQL ] SELECT `concern` FROM `sn_user_account` WHERE  `uid` = 1 LIMIT 1 [ RunTime:0.000612s ]
[ sql ] [ EXPLAIN : array (
  'id' => 1,
  'select_type' => 'SIMPLE',
  'table' => 'sn_user_account',
  'type' => 'const',
  'possible_keys' => 'PRIMARY',
  'key' => 'PRIMARY',
  'key_len' => '4',
  'ref' => 'const',
  'rows' => 1,
  'extra' => '',
) ]
[ sql ] [ SQL ] SHOW COLUMNS FROM `sn_contract` [ RunTime:0.001555s ]
[ sql ] [ SQL ] SELECT * FROM `sn_contract` WHERE  ( `code` IN ('IC1810','IH0','T1812','IH1810','IC1903','IH1811','T1903','nf_HC1812','IF0','IC1812') OR `short` IN ('IC1810','IH0','T1812','IH1810','IC1903','IH1811','T1903','nf_HC1812','IF0','IC1812') ) [ RunTime:0.001049s ]
[ sql ] [ EXPLAIN : array (
  'id' => 1,
  'select_type' => 'SIMPLE',
  'table' => 'sn_contract',
  'type' => 'ALL',
  'possible_keys' => NULL,
  'key' => NULL,
  'key_len' => NULL,
  'ref' => NULL,
  'rows' => 622,
  'extra' => 'Using where',
) ]
---------------------------------------------------------------
[ 2018-11-08T11:10:29+08:00 ] 123.53.38.148 POST /
[ info ] yfserve.bjfable.com/ [运行时间：0.012310s][吞吐率：81.23req/s] [内存消耗：1,536.29kb] [文件加载：82]
[ info ] [ LANG ] /www/web/test/yifu/serve/thinkphp/lang/zh-cn.php
[ info ] [ BIND ] 'index'
[ info ] [ ROUTE ] array (
  'type' => 'module',
  'module' => 
  array (
    0 => 'index',
    1 => NULL,
    2 => NULL,
  ),
)
[ info ] [ HEADER ] array (
  'host' => 'yfserve.bjfable.com',
  'connection' => 'keep-alive',
  'content-length' => '19',
  'accept' => 'application/json, text/plain, */*',
  'origin' => 'http://yfapp.bjfable.com',
  'user-agent' => 'Mozilla/5.0 (Linux; Android 8.1.0; ONEPLUS A5000 Build/OPM1.171019.011; wv) AppleWebKit/537.36 (KHTML, like Gecko) Version/4.0 Chrome/62.0.3202.84 Mobile Safari/537.36 Html5Plus/1.0',
  'content-type' => 'application/x-www-form-urlencoded',
  'accept-encoding' => 'gzip, deflate',
  'accept-language' => 'zh-CN,en-US;q=0.9',
  'cookie' => 'PHPSESSID=sf756bof9n89khujrr985a8b51; yunsuo_session_verify=d1258a71ec3fd27faced4e2193df3d39',
  'x-requested-with' => 'io.dcloud.H5066E0BB',
)
[ info ] [ PARAM ] array (
  'nozzle' => 'futures_type',
)
[ info ] [ DB ] INIT mysql
[ info ] [ RUN ] app\index\controller\Index->index[ /www/web/test/yifu/serve/application/index/controller/Index.php ]
[ info ] [ LOG ] INIT File
[ sql ] [ DB ] CONNECT:[ UseTime:0.000455s ] mysql:host=127.0.0.1;port=3306;dbname=futures;charset=utf8
[ sql ] [ SQL ] SHOW COLUMNS FROM `sn_futures` [ RunTime:0.001483s ]
[ sql ] [ SQL ] SELECT * FROM `sn_futures` WHERE  `status` = 1 [ RunTime:0.000526s ]
[ sql ] [ EXPLAIN : array (
  'id' => 1,
  'select_type' => 'SIMPLE',
  'table' => 'sn_futures',
  'type' => 'ALL',
  'possible_keys' => NULL,
  'key' => NULL,
  'key_len' => NULL,
  'ref' => NULL,
  'rows' => 83,
  'extra' => 'Using where',
) ]
---------------------------------------------------------------
[ 2018-11-08T11:10:31+08:00 ] 123.53.38.148 POST /
[ info ] yfserve.bjfable.com/ [运行时间：0.013640s][吞吐率：73.31req/s] [内存消耗：1,500.83kb] [文件加载：82]
[ info ] [ LANG ] /www/web/test/yifu/serve/thinkphp/lang/zh-cn.php
[ info ] [ BIND ] 'index'
[ info ] [ ROUTE ] array (
  'type' => 'module',
  'module' => 
  array (
    0 => 'index',
    1 => NULL,
    2 => NULL,
  ),
)
[ info ] [ HEADER ] array (
  'host' => 'yfserve.bjfable.com',
  'connection' => 'keep-alive',
  'content-length' => '56',
  'accept' => 'application/json, text/plain, */*',
  'origin' => 'http://yfapp.bjfable.com',
  'user-agent' => 'Mozilla/5.0 (Linux; Android 8.1.0; ONEPLUS A5000 Build/OPM1.171019.011; wv) AppleWebKit/537.36 (KHTML, like Gecko) Version/4.0 Chrome/62.0.3202.84 Mobile Safari/537.36 Html5Plus/1.0',
  'content-type' => 'application/x-www-form-urlencoded',
  'accept-encoding' => 'gzip, deflate',
  'accept-language' => 'zh-CN,en-US;q=0.9',
  'cookie' => 'PHPSESSID=sf756bof9n89khujrr985a8b51; yunsuo_session_verify=d1258a71ec3fd27faced4e2193df3d39',
  'x-requested-with' => 'io.dcloud.H5066E0BB',
)
[ info ] [ PARAM ] array (
  'nozzle' => 'depot_info',
  'token' => '50b5e0646200f895f34abf48bb00c003',
)
[ info ] [ DB ] INIT mysql
[ info ] [ RUN ] app\index\controller\Index->index[ /www/web/test/yifu/serve/application/index/controller/Index.php ]
[ info ] [ LOG ] INIT File
[ sql ] [ DB ] CONNECT:[ UseTime:0.000545s ] mysql:host=127.0.0.1;port=3306;dbname=futures;charset=utf8
[ sql ] [ SQL ] SHOW COLUMNS FROM `sn_user` [ RunTime:0.001611s ]
[ sql ] [ SQL ] SELECT * FROM `sn_user` WHERE  `token` = '50b5e0646200f895f34abf48bb00c003'  AND `status` = 1 LIMIT 1 [ RunTime:0.000385s ]
[ sql ] [ EXPLAIN : array (
  'id' => 1,
  'select_type' => 'SIMPLE',
  'table' => 'sn_user',
  'type' => 'ALL',
  'possible_keys' => NULL,
  'key' => NULL,
  'key_len' => NULL,
  'ref' => NULL,
  'rows' => 7,
  'extra' => 'Using where',
) ]
[ sql ] [ SQL ] SHOW COLUMNS FROM `sn_depot` [ RunTime:0.001424s ]
[ sql ] [ SQL ] SELECT * FROM `sn_depot` WHERE  `uid` = 1 ORDER BY `time` ASC [ RunTime:0.000428s ]
[ sql ] [ EXPLAIN : array (
  'id' => 1,
  'select_type' => 'SIMPLE',
  'table' => 'sn_depot',
  'type' => 'ALL',
  'possible_keys' => NULL,
  'key' => NULL,
  'key_len' => NULL,
  'ref' => NULL,
  'rows' => 6,
  'extra' => 'Using where; Using filesort',
) ]
[ warn ] SQL:SELECT * FROM `sn_depot` WHERE  `uid` = :where_AND_uid ORDER BY `time` ASC[Using where; Using filesort]
---------------------------------------------------------------
[ 2018-11-08T11:10:49+08:00 ] 123.53.38.148 POST /
[ info ] yfserve.bjfable.com/ [运行时间：0.013277s][吞吐率：75.32req/s] [内存消耗：1,500.83kb] [文件加载：82]
[ info ] [ LANG ] /www/web/test/yifu/serve/thinkphp/lang/zh-cn.php
[ info ] [ BIND ] 'index'
[ info ] [ ROUTE ] array (
  'type' => 'module',
  'module' => 
  array (
    0 => 'index',
    1 => NULL,
    2 => NULL,
  ),
)
[ info ] [ HEADER ] array (
  'host' => 'yfserve.bjfable.com',
  'connection' => 'keep-alive',
  'content-length' => '56',
  'accept' => 'application/json, text/plain, */*',
  'origin' => 'http://yfapp.bjfable.com',
  'user-agent' => 'Mozilla/5.0 (Linux; Android 8.1.0; ONEPLUS A5000 Build/OPM1.171019.011; wv) AppleWebKit/537.36 (KHTML, like Gecko) Version/4.0 Chrome/62.0.3202.84 Mobile Safari/537.36 Html5Plus/1.0',
  'content-type' => 'application/x-www-form-urlencoded',
  'accept-encoding' => 'gzip, deflate',
  'accept-language' => 'zh-CN,en-US;q=0.9',
  'cookie' => 'PHPSESSID=sf756bof9n89khujrr985a8b51; yunsuo_session_verify=d1258a71ec3fd27faced4e2193df3d39',
  'x-requested-with' => 'io.dcloud.H5066E0BB',
)
[ info ] [ PARAM ] array (
  'nozzle' => 'depot_info',
  'token' => '50b5e0646200f895f34abf48bb00c003',
)
[ info ] [ DB ] INIT mysql
[ info ] [ RUN ] app\index\controller\Index->index[ /www/web/test/yifu/serve/application/index/controller/Index.php ]
[ info ] [ LOG ] INIT File
[ sql ] [ DB ] CONNECT:[ UseTime:0.000586s ] mysql:host=127.0.0.1;port=3306;dbname=futures;charset=utf8
[ sql ] [ SQL ] SHOW COLUMNS FROM `sn_user` [ RunTime:0.001632s ]
[ sql ] [ SQL ] SELECT * FROM `sn_user` WHERE  `token` = '50b5e0646200f895f34abf48bb00c003'  AND `status` = 1 LIMIT 1 [ RunTime:0.000355s ]
[ sql ] [ EXPLAIN : array (
  'id' => 1,
  'select_type' => 'SIMPLE',
  'table' => 'sn_user',
  'type' => 'ALL',
  'possible_keys' => NULL,
  'key' => NULL,
  'key_len' => NULL,
  'ref' => NULL,
  'rows' => 7,
  'extra' => 'Using where',
) ]
[ sql ] [ SQL ] SHOW COLUMNS FROM `sn_depot` [ RunTime:0.001463s ]
[ sql ] [ SQL ] SELECT * FROM `sn_depot` WHERE  `uid` = 1 ORDER BY `time` ASC [ RunTime:0.000295s ]
[ sql ] [ EXPLAIN : array (
  'id' => 1,
  'select_type' => 'SIMPLE',
  'table' => 'sn_depot',
  'type' => 'ALL',
  'possible_keys' => NULL,
  'key' => NULL,
  'key_len' => NULL,
  'ref' => NULL,
  'rows' => 6,
  'extra' => 'Using where; Using filesort',
) ]
[ warn ] SQL:SELECT * FROM `sn_depot` WHERE  `uid` = :where_AND_uid ORDER BY `time` ASC[Using where; Using filesort]
---------------------------------------------------------------
[ 2018-11-08T15:01:21+08:00 ] 123.53.38.148 POST /
[ info ] yfserve.bjfable.com/ [运行时间：0.018925s][吞吐率：52.84req/s] [内存消耗：1,449.73kb] [文件加载：81]
[ info ] [ LANG ] /www/web/test/yifu/serve/thinkphp/lang/zh-cn.php
[ info ] [ BIND ] 'index'
[ info ] [ ROUTE ] array (
  'type' => 'module',
  'module' => 
  array (
    0 => 'index',
    1 => NULL,
    2 => NULL,
  ),
)
[ info ] [ HEADER ] array (
  'host' => 'yfserve.bjfable.com',
  'connection' => 'keep-alive',
  'content-length' => '28',
  'accept' => 'application/json, text/plain, */*',
  'origin' => 'http://192.168.1.234:8080',
  'user-agent' => 'Mozilla/5.0 (iPhone; CPU iPhone OS 11_0 like Mac OS X) AppleWebKit/604.1.38 (KHTML, like Gecko) Version/11.0 Mobile/15A372 Safari/604.1',
  'content-type' => 'application/x-www-form-urlencoded',
  'accept-encoding' => 'gzip, deflate',
  'accept-language' => 'zh-CN,zh;q=0.9',
  'cookie' => 'yunsuo_session_verify=d1258a71ec3fd27faced4e2193df3d39',
)
[ info ] [ PARAM ] array (
  'nozzle' => 'depot_info',
  'token' => 'null ',
)
[ info ] [ DB ] INIT mysql
[ info ] [ RUN ] app\index\controller\Index->index[ /www/web/test/yifu/serve/application/index/controller/Index.php ]
[ info ] [ LOG ] INIT File
[ sql ] [ DB ] CONNECT:[ UseTime:0.000425s ] mysql:host=127.0.0.1;port=3306;dbname=futures;charset=utf8
[ sql ] [ SQL ] SHOW COLUMNS FROM `sn_user` [ RunTime:0.001555s ]
[ sql ] [ SQL ] SELECT * FROM `sn_user` WHERE  `token` = 'null '  AND `status` = 1 LIMIT 1 [ RunTime:0.000450s ]
[ sql ] [ EXPLAIN : array (
  'id' => 1,
  'select_type' => 'SIMPLE',
  'table' => 'sn_user',
  'type' => 'ALL',
  'possible_keys' => NULL,
  'key' => NULL,
  'key_len' => NULL,
  'ref' => NULL,
  'rows' => 7,
  'extra' => 'Using where',
) ]
---------------------------------------------------------------
[ 2018-11-08T16:42:05+08:00 ] 123.53.38.148 POST /
[ info ] yfserve.bjfable.com/ [运行时间：0.005845s][吞吐率：171.08req/s] [内存消耗：1,382.03kb] [文件加载：80]
[ info ] [ LANG ] /www/web/test/yifu/serve/thinkphp/lang/zh-cn.php
[ info ] [ BIND ] 'index'
[ info ] [ ROUTE ] array (
  'type' => 'module',
  'module' => 
  array (
    0 => 'index',
    1 => NULL,
    2 => NULL,
  ),
)
[ info ] [ HEADER ] array (
  'host' => 'yfserve.bjfable.com',
  'connection' => 'keep-alive',
  'content-length' => '14',
  'accept' => 'application/json, text/plain, */*',
  'origin' => 'http://yfapp.bjfable.com',
  'user-agent' => 'Mozilla/5.0 (Linux; Android 6.0; HUAWEI CRR-UL00 Build/HUAWEICRR-UL00; wv) AppleWebKit/537.36 (KHTML, like Gecko) Version/4.0 Chrome/55.0.2883.91 Mobile Safari/537.36 Html5Plus/1.0',
  'content-type' => 'application/x-www-form-urlencoded',
  'accept-encoding' => 'gzip, deflate',
  'accept-language' => 'zh-CN,en-US;q=0.8',
  'x-requested-with' => 'io.dcloud.H5066E0BB',
)
[ info ] [ PARAM ] array (
  'nozzle' => 'company',
)
[ info ] [ DB ] INIT mysql
[ info ] [ RUN ] app\index\controller\Index->index[ /www/web/test/yifu/serve/application/index/controller/Index.php ]
[ info ] [ LOG ] INIT File
---------------------------------------------------------------
[ 2018-11-08T16:42:38+08:00 ] 123.53.38.148 POST /
[ info ] yfserve.bjfable.com/ [运行时间：0.014291s][吞吐率：69.97req/s] [内存消耗：1,469.49kb] [文件加载：84]
[ info ] [ LANG ] /www/web/test/yifu/serve/thinkphp/lang/zh-cn.php
[ info ] [ BIND ] 'index'
[ info ] [ ROUTE ] array (
  'type' => 'module',
  'module' => 
  array (
    0 => 'index',
    1 => NULL,
    2 => NULL,
  ),
)
[ info ] [ HEADER ] array (
  'host' => 'yfserve.bjfable.com',
  'connection' => 'keep-alive',
  'content-length' => '53',
  'accept' => 'application/json, text/plain, */*',
  'origin' => 'http://yfapp.bjfable.com',
  'user-agent' => 'Mozilla/5.0 (Linux; Android 6.0; HUAWEI CRR-UL00 Build/HUAWEICRR-UL00; wv) AppleWebKit/537.36 (KHTML, like Gecko) Version/4.0 Chrome/55.0.2883.91 Mobile Safari/537.36 Html5Plus/1.0',
  'content-type' => 'application/x-www-form-urlencoded',
  'accept-encoding' => 'gzip, deflate',
  'accept-language' => 'zh-CN,en-US;q=0.8',
  'cookie' => 'yunsuo_session_verify=d1258a71ec3fd27faced4e2193df3d39',
  'x-requested-with' => 'io.dcloud.H5066E0BB',
)
[ info ] [ PARAM ] array (
  'nozzle' => 'login',
  'phone' => '13300000001',
  'password' => '123456',
  'type' => '0',
)
[ info ] [ DB ] INIT mysql
[ info ] [ RUN ] app\index\controller\Index->index[ /www/web/test/yifu/serve/application/index/controller/Index.php ]
[ info ] [ SESSION ] INIT array (
  'id' => '',
  'var_session_id' => '',
  'prefix' => 'think',
  'type' => '',
  'auto_start' => true,
)
[ info ] [ CACHE ] INIT File
[ info ] [ LOG ] INIT File
[ sql ] [ DB ] CONNECT:[ UseTime:0.000509s ] mysql:host=127.0.0.1;port=3306;dbname=futures;charset=utf8
[ sql ] [ SQL ] SHOW COLUMNS FROM `sn_user` [ RunTime:0.001527s ]
[ sql ] [ SQL ] SELECT * FROM `sn_user` WHERE  ( `phone` = '13300000001' OR `name` = '13300000001' OR `number` = '13300000001' )  AND `password` = 'e10adc3949ba59abbe56e057f20f883e' LIMIT 1 [ RunTime:0.000455s ]
[ sql ] [ EXPLAIN : array (
  'id' => 1,
  'select_type' => 'SIMPLE',
  'table' => 'sn_user',
  'type' => 'ALL',
  'possible_keys' => NULL,
  'key' => NULL,
  'key_len' => NULL,
  'ref' => NULL,
  'rows' => 7,
  'extra' => 'Using where',
) ]
[ sql ] [ SQL ] UPDATE `sn_user`  SET `last_time`=0,`login_time`=1541666558,`login_ip`='123.53.38.148',`token`='ae0b9e9764457216934e0c6ccd2387ca'  WHERE  `id` = 1 [ RunTime:0.003363s ]
---------------------------------------------------------------
[ 2018-11-08T16:42:38+08:00 ] 123.53.38.148 POST /
[ info ] yfserve.bjfable.com/ [运行时间：0.016146s][吞吐率：61.94req/s] [内存消耗：1,457.31kb] [文件加载：81]
[ info ] [ LANG ] /www/web/test/yifu/serve/thinkphp/lang/zh-cn.php
[ info ] [ BIND ] 'index'
[ info ] [ ROUTE ] array (
  'type' => 'module',
  'module' => 
  array (
    0 => 'index',
    1 => NULL,
    2 => NULL,
  ),
)
[ info ] [ HEADER ] array (
  'host' => 'yfserve.bjfable.com',
  'connection' => 'keep-alive',
  'content-length' => '53',
  'accept' => 'application/json, text/plain, */*',
  'origin' => 'http://yfapp.bjfable.com',
  'user-agent' => 'Mozilla/5.0 (Linux; Android 6.0; HUAWEI CRR-UL00 Build/HUAWEICRR-UL00; wv) AppleWebKit/537.36 (KHTML, like Gecko) Version/4.0 Chrome/55.0.2883.91 Mobile Safari/537.36 Html5Plus/1.0',
  'content-type' => 'application/x-www-form-urlencoded',
  'accept-encoding' => 'gzip, deflate',
  'accept-language' => 'zh-CN,en-US;q=0.8',
  'cookie' => 'yunsuo_session_verify=d1258a71ec3fd27faced4e2193df3d39; PHPSESSID=bics92ovfhlf5d123dhscssgf1',
  'x-requested-with' => 'io.dcloud.H5066E0BB',
)
[ info ] [ PARAM ] array (
  'nozzle' => 'account',
  'token' => 'ae0b9e9764457216934e0c6ccd2387ca',
)
[ info ] [ DB ] INIT mysql
[ info ] [ RUN ] app\index\controller\Index->index[ /www/web/test/yifu/serve/application/index/controller/Index.php ]
[ info ] [ LOG ] INIT File
[ sql ] [ DB ] CONNECT:[ UseTime:0.000743s ] mysql:host=127.0.0.1;port=3306;dbname=futures;charset=utf8
[ sql ] [ SQL ] SHOW COLUMNS FROM `sn_user` [ RunTime:0.003268s ]
[ sql ] [ SQL ] SELECT * FROM `sn_user` WHERE  `token` = 'ae0b9e9764457216934e0c6ccd2387ca'  AND `status` = 1 LIMIT 1 [ RunTime:0.000472s ]
[ sql ] [ EXPLAIN : array (
  'id' => 1,
  'select_type' => 'SIMPLE',
  'table' => 'sn_user',
  'type' => 'ALL',
  'possible_keys' => NULL,
  'key' => NULL,
  'key_len' => NULL,
  'ref' => NULL,
  'rows' => 7,
  'extra' => 'Using where',
) ]
[ sql ] [ SQL ] SHOW COLUMNS FROM `sn_user_account` [ RunTime:0.002550s ]
[ sql ] [ SQL ] SELECT * FROM `sn_user_account` WHERE  `uid` = 1 LIMIT 1 [ RunTime:0.000319s ]
[ sql ] [ EXPLAIN : array (
  'id' => 1,
  'select_type' => 'SIMPLE',
  'table' => 'sn_user_account',
  'type' => 'const',
  'possible_keys' => 'PRIMARY',
  'key' => 'PRIMARY',
  'key_len' => '4',
  'ref' => 'const',
  'rows' => 1,
  'extra' => '',
) ]
---------------------------------------------------------------
[ 2018-11-08T16:42:38+08:00 ] 123.53.38.148 POST /
[ info ] yfserve.bjfable.com/ [运行时间：0.008854s][吞吐率：112.94req/s] [内存消耗：1,429.88kb] [文件加载：81]
[ info ] [ LANG ] /www/web/test/yifu/serve/thinkphp/lang/zh-cn.php
[ info ] [ BIND ] 'index'
[ info ] [ ROUTE ] array (
  'type' => 'module',
  'module' => 
  array (
    0 => 'index',
    1 => NULL,
    2 => NULL,
  ),
)
[ info ] [ HEADER ] array (
  'host' => 'yfserve.bjfable.com',
  'connection' => 'keep-alive',
  'content-length' => '22',
  'accept' => 'application/json, text/plain, */*',
  'origin' => 'http://yfapp.bjfable.com',
  'user-agent' => 'Mozilla/5.0 (Linux; Android 6.0; HUAWEI CRR-UL00 Build/HUAWEICRR-UL00; wv) AppleWebKit/537.36 (KHTML, like Gecko) Version/4.0 Chrome/55.0.2883.91 Mobile Safari/537.36 Html5Plus/1.0',
  'content-type' => 'application/x-www-form-urlencoded',
  'accept-encoding' => 'gzip, deflate',
  'accept-language' => 'zh-CN,en-US;q=0.8',
  'cookie' => 'yunsuo_session_verify=d1258a71ec3fd27faced4e2193df3d39; PHPSESSID=bics92ovfhlf5d123dhscssgf1',
  'x-requested-with' => 'io.dcloud.H5066E0BB',
)
[ info ] [ PARAM ] array (
  'nozzle' => 'protocol',
  'type' => '2',
)
[ info ] [ DB ] INIT mysql
[ info ] [ RUN ] app\index\controller\Index->index[ /www/web/test/yifu/serve/application/index/controller/Index.php ]
[ info ] [ LOG ] INIT File
[ sql ] [ DB ] CONNECT:[ UseTime:0.000338s ] mysql:host=127.0.0.1;port=3306;dbname=futures;charset=utf8
[ sql ] [ SQL ] SHOW COLUMNS FROM `sn_protocol` [ RunTime:0.001375s ]
[ sql ] [ SQL ] SELECT `content` FROM `sn_protocol` WHERE  `id` = 2 LIMIT 1 [ RunTime:0.000275s ]
[ sql ] [ EXPLAIN : array (
  'id' => 1,
  'select_type' => 'SIMPLE',
  'table' => 'sn_protocol',
  'type' => 'const',
  'possible_keys' => 'PRIMARY',
  'key' => 'PRIMARY',
  'key_len' => '4',
  'ref' => 'const',
  'rows' => 1,
  'extra' => '',
) ]
---------------------------------------------------------------
[ 2018-11-08T16:42:40+08:00 ] 123.53.38.148 POST /
[ info ] yfserve.bjfable.com/ [运行时间：0.018114s][吞吐率：55.21req/s] [内存消耗：1,510.95kb] [文件加载：82]
[ info ] [ LANG ] /www/web/test/yifu/serve/thinkphp/lang/zh-cn.php
[ info ] [ BIND ] 'index'
[ info ] [ ROUTE ] array (
  'type' => 'module',
  'module' => 
  array (
    0 => 'index',
    1 => NULL,
    2 => NULL,
  ),
)
[ info ] [ HEADER ] array (
  'host' => 'yfserve.bjfable.com',
  'connection' => 'keep-alive',
  'content-length' => '53',
  'accept' => 'application/json, text/plain, */*',
  'origin' => 'http://yfapp.bjfable.com',
  'user-agent' => 'Mozilla/5.0 (Linux; Android 6.0; HUAWEI CRR-UL00 Build/HUAWEICRR-UL00; wv) AppleWebKit/537.36 (KHTML, like Gecko) Version/4.0 Chrome/55.0.2883.91 Mobile Safari/537.36 Html5Plus/1.0',
  'content-type' => 'application/x-www-form-urlencoded',
  'accept-encoding' => 'gzip, deflate',
  'accept-language' => 'zh-CN,en-US;q=0.8',
  'cookie' => 'yunsuo_session_verify=d1258a71ec3fd27faced4e2193df3d39; PHPSESSID=bics92ovfhlf5d123dhscssgf1',
  'x-requested-with' => 'io.dcloud.H5066E0BB',
)
[ info ] [ PARAM ] array (
  'nozzle' => 'concern',
  'token' => 'ae0b9e9764457216934e0c6ccd2387ca',
)
[ info ] [ DB ] INIT mysql
[ info ] [ RUN ] app\index\controller\Index->index[ /www/web/test/yifu/serve/application/index/controller/Index.php ]
[ info ] [ LOG ] INIT File
[ sql ] [ DB ] CONNECT:[ UseTime:0.000398s ] mysql:host=127.0.0.1;port=3306;dbname=futures;charset=utf8
[ sql ] [ SQL ] SHOW COLUMNS FROM `sn_user` [ RunTime:0.001703s ]
[ sql ] [ SQL ] SELECT * FROM `sn_user` WHERE  `token` = 'ae0b9e9764457216934e0c6ccd2387ca'  AND `status` = 1 LIMIT 1 [ RunTime:0.000428s ]
[ sql ] [ EXPLAIN : array (
  'id' => 1,
  'select_type' => 'SIMPLE',
  'table' => 'sn_user',
  'type' => 'ALL',
  'possible_keys' => NULL,
  'key' => NULL,
  'key_len' => NULL,
  'ref' => NULL,
  'rows' => 7,
  'extra' => 'Using where',
) ]
[ sql ] [ SQL ] SHOW COLUMNS FROM `sn_user_account` [ RunTime:0.001652s ]
[ sql ] [ SQL ] SELECT `concern` FROM `sn_user_account` WHERE  `uid` = 1 LIMIT 1 [ RunTime:0.000489s ]
[ sql ] [ EXPLAIN : array (
  'id' => 1,
  'select_type' => 'SIMPLE',
  'table' => 'sn_user_account',
  'type' => 'const',
  'possible_keys' => 'PRIMARY',
  'key' => 'PRIMARY',
  'key_len' => '4',
  'ref' => 'const',
  'rows' => 1,
  'extra' => '',
) ]
[ sql ] [ SQL ] SHOW COLUMNS FROM `sn_contract` [ RunTime:0.001439s ]
[ sql ] [ SQL ] SELECT * FROM `sn_contract` WHERE  ( `code` IN ('IC1810','IH0','T1812','IH1810','IC1903','IH1811','T1903','nf_HC1812','IF0','IC1812') OR `short` IN ('IC1810','IH0','T1812','IH1810','IC1903','IH1811','T1903','nf_HC1812','IF0','IC1812') ) [ RunTime:0.001149s ]
[ sql ] [ EXPLAIN : array (
  'id' => 1,
  'select_type' => 'SIMPLE',
  'table' => 'sn_contract',
  'type' => 'ALL',
  'possible_keys' => NULL,
  'key' => NULL,
  'key_len' => NULL,
  'ref' => NULL,
  'rows' => 622,
  'extra' => 'Using where',
) ]
---------------------------------------------------------------
[ 2018-11-08T16:42:40+08:00 ] 123.53.38.148 POST /
[ info ] yfserve.bjfable.com/ [运行时间：0.011925s][吞吐率：83.86req/s] [内存消耗：1,536.28kb] [文件加载：82]
[ info ] [ LANG ] /www/web/test/yifu/serve/thinkphp/lang/zh-cn.php
[ info ] [ BIND ] 'index'
[ info ] [ ROUTE ] array (
  'type' => 'module',
  'module' => 
  array (
    0 => 'index',
    1 => NULL,
    2 => NULL,
  ),
)
[ info ] [ HEADER ] array (
  'host' => 'yfserve.bjfable.com',
  'connection' => 'keep-alive',
  'content-length' => '19',
  'accept' => 'application/json, text/plain, */*',
  'origin' => 'http://yfapp.bjfable.com',
  'user-agent' => 'Mozilla/5.0 (Linux; Android 6.0; HUAWEI CRR-UL00 Build/HUAWEICRR-UL00; wv) AppleWebKit/537.36 (KHTML, like Gecko) Version/4.0 Chrome/55.0.2883.91 Mobile Safari/537.36 Html5Plus/1.0',
  'content-type' => 'application/x-www-form-urlencoded',
  'accept-encoding' => 'gzip, deflate',
  'accept-language' => 'zh-CN,en-US;q=0.8',
  'cookie' => 'yunsuo_session_verify=d1258a71ec3fd27faced4e2193df3d39; PHPSESSID=bics92ovfhlf5d123dhscssgf1',
  'x-requested-with' => 'io.dcloud.H5066E0BB',
)
[ info ] [ PARAM ] array (
  'nozzle' => 'futures_type',
)
[ info ] [ DB ] INIT mysql
[ info ] [ RUN ] app\index\controller\Index->index[ /www/web/test/yifu/serve/application/index/controller/Index.php ]
[ info ] [ LOG ] INIT File
[ sql ] [ DB ] CONNECT:[ UseTime:0.000439s ] mysql:host=127.0.0.1;port=3306;dbname=futures;charset=utf8
[ sql ] [ SQL ] SHOW COLUMNS FROM `sn_futures` [ RunTime:0.001499s ]
[ sql ] [ SQL ] SELECT * FROM `sn_futures` WHERE  `status` = 1 [ RunTime:0.000579s ]
[ sql ] [ EXPLAIN : array (
  'id' => 1,
  'select_type' => 'SIMPLE',
  'table' => 'sn_futures',
  'type' => 'ALL',
  'possible_keys' => NULL,
  'key' => NULL,
  'key_len' => NULL,
  'ref' => NULL,
  'rows' => 83,
  'extra' => 'Using where',
) ]
---------------------------------------------------------------
[ 2018-11-08T16:42:46+08:00 ] 123.53.38.148 POST /
[ info ] yfserve.bjfable.com/ [运行时间：0.012940s][吞吐率：77.28req/s] [内存消耗：1,500.83kb] [文件加载：82]
[ info ] [ LANG ] /www/web/test/yifu/serve/thinkphp/lang/zh-cn.php
[ info ] [ BIND ] 'index'
[ info ] [ ROUTE ] array (
  'type' => 'module',
  'module' => 
  array (
    0 => 'index',
    1 => NULL,
    2 => NULL,
  ),
)
[ info ] [ HEADER ] array (
  'host' => 'yfserve.bjfable.com',
  'connection' => 'keep-alive',
  'content-length' => '56',
  'accept' => 'application/json, text/plain, */*',
  'origin' => 'http://yfapp.bjfable.com',
  'user-agent' => 'Mozilla/5.0 (Linux; Android 6.0; HUAWEI CRR-UL00 Build/HUAWEICRR-UL00; wv) AppleWebKit/537.36 (KHTML, like Gecko) Version/4.0 Chrome/55.0.2883.91 Mobile Safari/537.36 Html5Plus/1.0',
  'content-type' => 'application/x-www-form-urlencoded',
  'accept-encoding' => 'gzip, deflate',
  'accept-language' => 'zh-CN,en-US;q=0.8',
  'cookie' => 'yunsuo_session_verify=d1258a71ec3fd27faced4e2193df3d39; PHPSESSID=bics92ovfhlf5d123dhscssgf1',
  'x-requested-with' => 'io.dcloud.H5066E0BB',
)
[ info ] [ PARAM ] array (
  'nozzle' => 'depot_info',
  'token' => 'ae0b9e9764457216934e0c6ccd2387ca',
)
[ info ] [ DB ] INIT mysql
[ info ] [ RUN ] app\index\controller\Index->index[ /www/web/test/yifu/serve/application/index/controller/Index.php ]
[ info ] [ LOG ] INIT File
[ sql ] [ DB ] CONNECT:[ UseTime:0.000488s ] mysql:host=127.0.0.1;port=3306;dbname=futures;charset=utf8
[ sql ] [ SQL ] SHOW COLUMNS FROM `sn_user` [ RunTime:0.001701s ]
[ sql ] [ SQL ] SELECT * FROM `sn_user` WHERE  `token` = 'ae0b9e9764457216934e0c6ccd2387ca'  AND `status` = 1 LIMIT 1 [ RunTime:0.000528s ]
[ sql ] [ EXPLAIN : array (
  'id' => 1,
  'select_type' => 'SIMPLE',
  'table' => 'sn_user',
  'type' => 'ALL',
  'possible_keys' => NULL,
  'key' => NULL,
  'key_len' => NULL,
  'ref' => NULL,
  'rows' => 7,
  'extra' => 'Using where',
) ]
[ sql ] [ SQL ] SHOW COLUMNS FROM `sn_depot` [ RunTime:0.001489s ]
[ sql ] [ SQL ] SELECT * FROM `sn_depot` WHERE  `uid` = 1 ORDER BY `time` ASC [ RunTime:0.000544s ]
[ sql ] [ EXPLAIN : array (
  'id' => 1,
  'select_type' => 'SIMPLE',
  'table' => 'sn_depot',
  'type' => 'ALL',
  'possible_keys' => NULL,
  'key' => NULL,
  'key_len' => NULL,
  'ref' => NULL,
  'rows' => 6,
  'extra' => 'Using where; Using filesort',
) ]
[ warn ] SQL:SELECT * FROM `sn_depot` WHERE  `uid` = :where_AND_uid ORDER BY `time` ASC[Using where; Using filesort]
---------------------------------------------------------------
[ 2018-11-08T16:42:50+08:00 ] 123.53.38.148 POST /
[ info ] yfserve.bjfable.com/ [运行时间：0.012818s][吞吐率：78.02req/s] [内存消耗：1,500.83kb] [文件加载：82]
[ info ] [ LANG ] /www/web/test/yifu/serve/thinkphp/lang/zh-cn.php
[ info ] [ BIND ] 'index'
[ info ] [ ROUTE ] array (
  'type' => 'module',
  'module' => 
  array (
    0 => 'index',
    1 => NULL,
    2 => NULL,
  ),
)
[ info ] [ HEADER ] array (
  'host' => 'yfserve.bjfable.com',
  'connection' => 'keep-alive',
  'content-length' => '56',
  'accept' => 'application/json, text/plain, */*',
  'origin' => 'http://yfapp.bjfable.com',
  'user-agent' => 'Mozilla/5.0 (Linux; Android 6.0; HUAWEI CRR-UL00 Build/HUAWEICRR-UL00; wv) AppleWebKit/537.36 (KHTML, like Gecko) Version/4.0 Chrome/55.0.2883.91 Mobile Safari/537.36 Html5Plus/1.0',
  'content-type' => 'application/x-www-form-urlencoded',
  'accept-encoding' => 'gzip, deflate',
  'accept-language' => 'zh-CN,en-US;q=0.8',
  'cookie' => 'yunsuo_session_verify=d1258a71ec3fd27faced4e2193df3d39; PHPSESSID=bics92ovfhlf5d123dhscssgf1',
  'x-requested-with' => 'io.dcloud.H5066E0BB',
)
[ info ] [ PARAM ] array (
  'nozzle' => 'depot_info',
  'token' => 'ae0b9e9764457216934e0c6ccd2387ca',
)
[ info ] [ DB ] INIT mysql
[ info ] [ RUN ] app\index\controller\Index->index[ /www/web/test/yifu/serve/application/index/controller/Index.php ]
[ info ] [ LOG ] INIT File
[ sql ] [ DB ] CONNECT:[ UseTime:0.000498s ] mysql:host=127.0.0.1;port=3306;dbname=futures;charset=utf8
[ sql ] [ SQL ] SHOW COLUMNS FROM `sn_user` [ RunTime:0.001544s ]
[ sql ] [ SQL ] SELECT * FROM `sn_user` WHERE  `token` = 'ae0b9e9764457216934e0c6ccd2387ca'  AND `status` = 1 LIMIT 1 [ RunTime:0.000334s ]
[ sql ] [ EXPLAIN : array (
  'id' => 1,
  'select_type' => 'SIMPLE',
  'table' => 'sn_user',
  'type' => 'ALL',
  'possible_keys' => NULL,
  'key' => NULL,
  'key_len' => NULL,
  'ref' => NULL,
  'rows' => 7,
  'extra' => 'Using where',
) ]
[ sql ] [ SQL ] SHOW COLUMNS FROM `sn_depot` [ RunTime:0.001487s ]
[ sql ] [ SQL ] SELECT * FROM `sn_depot` WHERE  `uid` = 1 ORDER BY `time` ASC [ RunTime:0.000232s ]
[ sql ] [ EXPLAIN : array (
  'id' => 1,
  'select_type' => 'SIMPLE',
  'table' => 'sn_depot',
  'type' => 'ALL',
  'possible_keys' => NULL,
  'key' => NULL,
  'key_len' => NULL,
  'ref' => NULL,
  'rows' => 6,
  'extra' => 'Using where; Using filesort',
) ]
[ warn ] SQL:SELECT * FROM `sn_depot` WHERE  `uid` = :where_AND_uid ORDER BY `time` ASC[Using where; Using filesort]
---------------------------------------------------------------
[ 2018-11-08T16:52:44+08:00 ] 123.53.38.148 POST /
[ info ] yfserve.bjfable.com/ [运行时间：0.014754s][吞吐率：67.78req/s] [内存消耗：1,469.06kb] [文件加载：84]
[ info ] [ LANG ] /www/web/test/yifu/serve/thinkphp/lang/zh-cn.php
[ info ] [ BIND ] 'index'
[ info ] [ ROUTE ] array (
  'type' => 'module',
  'module' => 
  array (
    0 => 'index',
    1 => NULL,
    2 => NULL,
  ),
)
[ info ] [ HEADER ] array (
  'host' => 'yfserve.bjfable.com',
  'connection' => 'keep-alive',
  'content-length' => '53',
  'accept' => 'application/json, text/plain, */*',
  'origin' => 'http://192.168.1.234:8080',
  'user-agent' => 'Mozilla/5.0 (iPhone; CPU iPhone OS 11_0 like Mac OS X) AppleWebKit/604.1.38 (KHTML, like Gecko) Version/11.0 Mobile/15A372 Safari/604.1',
  'content-type' => 'application/x-www-form-urlencoded',
  'accept-encoding' => 'gzip, deflate',
  'accept-language' => 'zh-CN,zh;q=0.9',
  'cookie' => 'yunsuo_session_verify=d1258a71ec3fd27faced4e2193df3d39',
)
[ info ] [ PARAM ] array (
  'nozzle' => 'login',
  'phone' => '13300000002',
  'password' => '123456',
  'type' => '0',
)
[ info ] [ DB ] INIT mysql
[ info ] [ RUN ] app\index\controller\Index->index[ /www/web/test/yifu/serve/application/index/controller/Index.php ]
[ info ] [ SESSION ] INIT array (
  'id' => '',
  'var_session_id' => '',
  'prefix' => 'think',
  'type' => '',
  'auto_start' => true,
)
[ info ] [ CACHE ] INIT File
[ info ] [ LOG ] INIT File
[ sql ] [ DB ] CONNECT:[ UseTime:0.000711s ] mysql:host=127.0.0.1;port=3306;dbname=futures;charset=utf8
[ sql ] [ SQL ] SHOW COLUMNS FROM `sn_user` [ RunTime:0.001835s ]
[ sql ] [ SQL ] SELECT * FROM `sn_user` WHERE  ( `phone` = '13300000002' OR `name` = '13300000002' OR `number` = '13300000002' )  AND `password` = 'e10adc3949ba59abbe56e057f20f883e' LIMIT 1 [ RunTime:0.000687s ]
[ sql ] [ EXPLAIN : array (
  'id' => 1,
  'select_type' => 'SIMPLE',
  'table' => 'sn_user',
  'type' => 'ALL',
  'possible_keys' => NULL,
  'key' => NULL,
  'key_len' => NULL,
  'ref' => NULL,
  'rows' => 7,
  'extra' => 'Using where',
) ]
[ sql ] [ SQL ] UPDATE `sn_user`  SET `last_time`=0,`login_time`=1541667164,`login_ip`='123.53.38.148',`token`='d48bd77a6715b6bc14d5d8957fd33fc9'  WHERE  `id` = 2 [ RunTime:0.003085s ]
---------------------------------------------------------------
[ 2018-11-08T16:52:44+08:00 ] 123.53.38.148 POST /
[ info ] yfserve.bjfable.com/ [运行时间：0.012015s][吞吐率：83.23req/s] [内存消耗：1,456.84kb] [文件加载：81]
[ info ] [ LANG ] /www/web/test/yifu/serve/thinkphp/lang/zh-cn.php
[ info ] [ BIND ] 'index'
[ info ] [ ROUTE ] array (
  'type' => 'module',
  'module' => 
  array (
    0 => 'index',
    1 => NULL,
    2 => NULL,
  ),
)
[ info ] [ HEADER ] array (
  'host' => 'yfserve.bjfable.com',
  'connection' => 'keep-alive',
  'content-length' => '53',
  'accept' => 'application/json, text/plain, */*',
  'origin' => 'http://192.168.1.234:8080',
  'user-agent' => 'Mozilla/5.0 (iPhone; CPU iPhone OS 11_0 like Mac OS X) AppleWebKit/604.1.38 (KHTML, like Gecko) Version/11.0 Mobile/15A372 Safari/604.1',
  'content-type' => 'application/x-www-form-urlencoded',
  'accept-encoding' => 'gzip, deflate',
  'accept-language' => 'zh-CN,zh;q=0.9',
  'cookie' => 'yunsuo_session_verify=d1258a71ec3fd27faced4e2193df3d39; PHPSESSID=e110vnk3okuqfajtjkq9lae542',
)
[ info ] [ PARAM ] array (
  'nozzle' => 'account',
  'token' => 'd48bd77a6715b6bc14d5d8957fd33fc9',
)
[ info ] [ DB ] INIT mysql
[ info ] [ RUN ] app\index\controller\Index->index[ /www/web/test/yifu/serve/application/index/controller/Index.php ]
[ info ] [ LOG ] INIT File
[ sql ] [ DB ] CONNECT:[ UseTime:0.000334s ] mysql:host=127.0.0.1;port=3306;dbname=futures;charset=utf8
[ sql ] [ SQL ] SHOW COLUMNS FROM `sn_user` [ RunTime:0.001656s ]
[ sql ] [ SQL ] SELECT * FROM `sn_user` WHERE  `token` = 'd48bd77a6715b6bc14d5d8957fd33fc9'  AND `status` = 1 LIMIT 1 [ RunTime:0.000506s ]
[ sql ] [ EXPLAIN : array (
  'id' => 1,
  'select_type' => 'SIMPLE',
  'table' => 'sn_user',
  'type' => 'ALL',
  'possible_keys' => NULL,
  'key' => NULL,
  'key_len' => NULL,
  'ref' => NULL,
  'rows' => 7,
  'extra' => 'Using where',
) ]
[ sql ] [ SQL ] SHOW COLUMNS FROM `sn_user_account` [ RunTime:0.001404s ]
[ sql ] [ SQL ] SELECT * FROM `sn_user_account` WHERE  `uid` = 2 LIMIT 1 [ RunTime:0.000356s ]
[ sql ] [ EXPLAIN : array (
  'id' => 1,
  'select_type' => 'SIMPLE',
  'table' => 'sn_user_account',
  'type' => 'const',
  'possible_keys' => 'PRIMARY',
  'key' => 'PRIMARY',
  'key_len' => '4',
  'ref' => 'const',
  'rows' => 1,
  'extra' => '',
) ]
---------------------------------------------------------------
[ 2018-11-08T16:52:44+08:00 ] 123.53.38.148 POST /
[ info ] yfserve.bjfable.com/ [运行时间：0.008489s][吞吐率：117.80req/s] [内存消耗：1,429.42kb] [文件加载：81]
[ info ] [ LANG ] /www/web/test/yifu/serve/thinkphp/lang/zh-cn.php
[ info ] [ BIND ] 'index'
[ info ] [ ROUTE ] array (
  'type' => 'module',
  'module' => 
  array (
    0 => 'index',
    1 => NULL,
    2 => NULL,
  ),
)
[ info ] [ HEADER ] array (
  'host' => 'yfserve.bjfable.com',
  'connection' => 'keep-alive',
  'content-length' => '22',
  'accept' => 'application/json, text/plain, */*',
  'origin' => 'http://192.168.1.234:8080',
  'user-agent' => 'Mozilla/5.0 (iPhone; CPU iPhone OS 11_0 like Mac OS X) AppleWebKit/604.1.38 (KHTML, like Gecko) Version/11.0 Mobile/15A372 Safari/604.1',
  'content-type' => 'application/x-www-form-urlencoded',
  'accept-encoding' => 'gzip, deflate',
  'accept-language' => 'zh-CN,zh;q=0.9',
  'cookie' => 'yunsuo_session_verify=d1258a71ec3fd27faced4e2193df3d39; PHPSESSID=e110vnk3okuqfajtjkq9lae542',
)
[ info ] [ PARAM ] array (
  'nozzle' => 'protocol',
  'type' => '2',
)
[ info ] [ DB ] INIT mysql
[ info ] [ RUN ] app\index\controller\Index->index[ /www/web/test/yifu/serve/application/index/controller/Index.php ]
[ info ] [ LOG ] INIT File
[ sql ] [ DB ] CONNECT:[ UseTime:0.000329s ] mysql:host=127.0.0.1;port=3306;dbname=futures;charset=utf8
[ sql ] [ SQL ] SHOW COLUMNS FROM `sn_protocol` [ RunTime:0.001282s ]
[ sql ] [ SQL ] SELECT `content` FROM `sn_protocol` WHERE  `id` = 2 LIMIT 1 [ RunTime:0.000210s ]
[ sql ] [ EXPLAIN : array (
  'id' => 1,
  'select_type' => 'SIMPLE',
  'table' => 'sn_protocol',
  'type' => 'const',
  'possible_keys' => 'PRIMARY',
  'key' => 'PRIMARY',
  'key_len' => '4',
  'ref' => 'const',
  'rows' => 1,
  'extra' => '',
) ]
---------------------------------------------------------------
[ 2018-11-08T16:52:45+08:00 ] 123.53.38.148 POST /
[ info ] yfserve.bjfable.com/ [运行时间：0.016981s][吞吐率：58.89req/s] [内存消耗：1,494.70kb] [文件加载：82]
[ info ] [ LANG ] /www/web/test/yifu/serve/thinkphp/lang/zh-cn.php
[ info ] [ BIND ] 'index'
[ info ] [ ROUTE ] array (
  'type' => 'module',
  'module' => 
  array (
    0 => 'index',
    1 => NULL,
    2 => NULL,
  ),
)
[ info ] [ HEADER ] array (
  'host' => 'yfserve.bjfable.com',
  'connection' => 'keep-alive',
  'content-length' => '53',
  'accept' => 'application/json, text/plain, */*',
  'origin' => 'http://192.168.1.234:8080',
  'user-agent' => 'Mozilla/5.0 (iPhone; CPU iPhone OS 11_0 like Mac OS X) AppleWebKit/604.1.38 (KHTML, like Gecko) Version/11.0 Mobile/15A372 Safari/604.1',
  'content-type' => 'application/x-www-form-urlencoded',
  'accept-encoding' => 'gzip, deflate',
  'accept-language' => 'zh-CN,zh;q=0.9',
  'cookie' => 'yunsuo_session_verify=d1258a71ec3fd27faced4e2193df3d39; PHPSESSID=e110vnk3okuqfajtjkq9lae542',
)
[ info ] [ PARAM ] array (
  'nozzle' => 'concern',
  'token' => 'd48bd77a6715b6bc14d5d8957fd33fc9',
)
[ info ] [ DB ] INIT mysql
[ info ] [ RUN ] app\index\controller\Index->index[ /www/web/test/yifu/serve/application/index/controller/Index.php ]
[ info ] [ LOG ] INIT File
[ sql ] [ DB ] CONNECT:[ UseTime:0.000610s ] mysql:host=127.0.0.1;port=3306;dbname=futures;charset=utf8
[ sql ] [ SQL ] SHOW COLUMNS FROM `sn_user` [ RunTime:0.001591s ]
[ sql ] [ SQL ] SELECT * FROM `sn_user` WHERE  `token` = 'd48bd77a6715b6bc14d5d8957fd33fc9'  AND `status` = 1 LIMIT 1 [ RunTime:0.000452s ]
[ sql ] [ EXPLAIN : array (
  'id' => 1,
  'select_type' => 'SIMPLE',
  'table' => 'sn_user',
  'type' => 'ALL',
  'possible_keys' => NULL,
  'key' => NULL,
  'key_len' => NULL,
  'ref' => NULL,
  'rows' => 7,
  'extra' => 'Using where',
) ]
[ sql ] [ SQL ] SHOW COLUMNS FROM `sn_user_account` [ RunTime:0.001361s ]
[ sql ] [ SQL ] SELECT `concern` FROM `sn_user_account` WHERE  `uid` = 2 LIMIT 1 [ RunTime:0.000287s ]
[ sql ] [ EXPLAIN : array (
  'id' => 1,
  'select_type' => 'SIMPLE',
  'table' => 'sn_user_account',
  'type' => 'const',
  'possible_keys' => 'PRIMARY',
  'key' => 'PRIMARY',
  'key_len' => '4',
  'ref' => 'const',
  'rows' => 1,
  'extra' => '',
) ]
[ sql ] [ SQL ] SHOW COLUMNS FROM `sn_contract` [ RunTime:0.001670s ]
[ sql ] [ SQL ] SELECT * FROM `sn_contract` WHERE  ( `code` IN ('nf_IC0','nf_IH0','nf_IF0','nf_T1812','nf_TF0') OR `short` IN ('nf_IC0','nf_IH0','nf_IF0','nf_T1812','nf_TF0') ) [ RunTime:0.001227s ]
[ sql ] [ EXPLAIN : array (
  'id' => 1,
  'select_type' => 'SIMPLE',
  'table' => 'sn_contract',
  'type' => 'ALL',
  'possible_keys' => NULL,
  'key' => NULL,
  'key_len' => NULL,
  'ref' => NULL,
  'rows' => 622,
  'extra' => 'Using where',
) ]
---------------------------------------------------------------
[ 2018-11-08T16:52:45+08:00 ] 123.53.38.148 POST /
[ info ] yfserve.bjfable.com/ [运行时间：0.013943s][吞吐率：71.72req/s] [内存消耗：1,535.85kb] [文件加载：82]
[ info ] [ LANG ] /www/web/test/yifu/serve/thinkphp/lang/zh-cn.php
[ info ] [ BIND ] 'index'
[ info ] [ ROUTE ] array (
  'type' => 'module',
  'module' => 
  array (
    0 => 'index',
    1 => NULL,
    2 => NULL,
  ),
)
[ info ] [ HEADER ] array (
  'host' => 'yfserve.bjfable.com',
  'connection' => 'keep-alive',
  'content-length' => '19',
  'accept' => 'application/json, text/plain, */*',
  'origin' => 'http://192.168.1.234:8080',
  'user-agent' => 'Mozilla/5.0 (iPhone; CPU iPhone OS 11_0 like Mac OS X) AppleWebKit/604.1.38 (KHTML, like Gecko) Version/11.0 Mobile/15A372 Safari/604.1',
  'content-type' => 'application/x-www-form-urlencoded',
  'accept-encoding' => 'gzip, deflate',
  'accept-language' => 'zh-CN,zh;q=0.9',
  'cookie' => 'yunsuo_session_verify=d1258a71ec3fd27faced4e2193df3d39; PHPSESSID=e110vnk3okuqfajtjkq9lae542',
)
[ info ] [ PARAM ] array (
  'nozzle' => 'futures_type',
)
[ info ] [ DB ] INIT mysql
[ info ] [ RUN ] app\index\controller\Index->index[ /www/web/test/yifu/serve/application/index/controller/Index.php ]
[ info ] [ LOG ] INIT File
[ sql ] [ DB ] CONNECT:[ UseTime:0.000908s ] mysql:host=127.0.0.1;port=3306;dbname=futures;charset=utf8
[ sql ] [ SQL ] SHOW COLUMNS FROM `sn_futures` [ RunTime:0.001469s ]
[ sql ] [ SQL ] SELECT * FROM `sn_futures` WHERE  `status` = 1 [ RunTime:0.000407s ]
[ sql ] [ EXPLAIN : array (
  'id' => 1,
  'select_type' => 'SIMPLE',
  'table' => 'sn_futures',
  'type' => 'ALL',
  'possible_keys' => NULL,
  'key' => NULL,
  'key_len' => NULL,
  'ref' => NULL,
  'rows' => 83,
  'extra' => 'Using where',
) ]
---------------------------------------------------------------
[ 2018-11-08T16:52:53+08:00 ] 123.53.38.148 POST /
[ info ] yfserve.bjfable.com/ [运行时间：0.012705s][吞吐率：78.71req/s] [内存消耗：1,485.66kb] [文件加载：82]
[ info ] [ LANG ] /www/web/test/yifu/serve/thinkphp/lang/zh-cn.php
[ info ] [ BIND ] 'index'
[ info ] [ ROUTE ] array (
  'type' => 'module',
  'module' => 
  array (
    0 => 'index',
    1 => NULL,
    2 => NULL,
  ),
)
[ info ] [ HEADER ] array (
  'host' => 'yfserve.bjfable.com',
  'connection' => 'keep-alive',
  'content-length' => '56',
  'accept' => 'application/json, text/plain, */*',
  'origin' => 'http://192.168.1.234:8080',
  'user-agent' => 'Mozilla/5.0 (iPhone; CPU iPhone OS 11_0 like Mac OS X) AppleWebKit/604.1.38 (KHTML, like Gecko) Version/11.0 Mobile/15A372 Safari/604.1',
  'content-type' => 'application/x-www-form-urlencoded',
  'accept-encoding' => 'gzip, deflate',
  'accept-language' => 'zh-CN,zh;q=0.9',
  'cookie' => 'yunsuo_session_verify=d1258a71ec3fd27faced4e2193df3d39; PHPSESSID=e110vnk3okuqfajtjkq9lae542',
)
[ info ] [ PARAM ] array (
  'nozzle' => 'depot_info',
  'token' => 'd48bd77a6715b6bc14d5d8957fd33fc9',
)
[ info ] [ DB ] INIT mysql
[ info ] [ RUN ] app\index\controller\Index->index[ /www/web/test/yifu/serve/application/index/controller/Index.php ]
[ info ] [ LOG ] INIT File
[ sql ] [ DB ] CONNECT:[ UseTime:0.000469s ] mysql:host=127.0.0.1;port=3306;dbname=futures;charset=utf8
[ sql ] [ SQL ] SHOW COLUMNS FROM `sn_user` [ RunTime:0.001606s ]
[ sql ] [ SQL ] SELECT * FROM `sn_user` WHERE  `token` = 'd48bd77a6715b6bc14d5d8957fd33fc9'  AND `status` = 1 LIMIT 1 [ RunTime:0.000467s ]
[ sql ] [ EXPLAIN : array (
  'id' => 1,
  'select_type' => 'SIMPLE',
  'table' => 'sn_user',
  'type' => 'ALL',
  'possible_keys' => NULL,
  'key' => NULL,
  'key_len' => NULL,
  'ref' => NULL,
  'rows' => 7,
  'extra' => 'Using where',
) ]
[ sql ] [ SQL ] SHOW COLUMNS FROM `sn_depot` [ RunTime:0.001554s ]
[ sql ] [ SQL ] SELECT * FROM `sn_depot` WHERE  `uid` = 2 ORDER BY `time` ASC [ RunTime:0.000577s ]
[ sql ] [ EXPLAIN : array (
  'id' => 1,
  'select_type' => 'SIMPLE',
  'table' => 'sn_depot',
  'type' => 'ALL',
  'possible_keys' => NULL,
  'key' => NULL,
  'key_len' => NULL,
  'ref' => NULL,
  'rows' => 6,
  'extra' => 'Using where; Using filesort',
) ]
[ warn ] SQL:SELECT * FROM `sn_depot` WHERE  `uid` = :where_AND_uid ORDER BY `time` ASC[Using where; Using filesort]
---------------------------------------------------------------
[ 2018-11-08T16:53:07+08:00 ] 123.53.38.148 POST /
[ info ] yfserve.bjfable.com/ [运行时间：0.014923s][吞吐率：67.01req/s] [内存消耗：1,494.70kb] [文件加载：82]
[ info ] [ LANG ] /www/web/test/yifu/serve/thinkphp/lang/zh-cn.php
[ info ] [ BIND ] 'index'
[ info ] [ ROUTE ] array (
  'type' => 'module',
  'module' => 
  array (
    0 => 'index',
    1 => NULL,
    2 => NULL,
  ),
)
[ info ] [ HEADER ] array (
  'host' => 'yfserve.bjfable.com',
  'connection' => 'keep-alive',
  'content-length' => '53',
  'accept' => 'application/json, text/plain, */*',
  'origin' => 'http://192.168.1.234:8080',
  'user-agent' => 'Mozilla/5.0 (iPhone; CPU iPhone OS 11_0 like Mac OS X) AppleWebKit/604.1.38 (KHTML, like Gecko) Version/11.0 Mobile/15A372 Safari/604.1',
  'content-type' => 'application/x-www-form-urlencoded',
  'accept-encoding' => 'gzip, deflate',
  'accept-language' => 'zh-CN,zh;q=0.9',
  'cookie' => 'yunsuo_session_verify=d1258a71ec3fd27faced4e2193df3d39; PHPSESSID=e110vnk3okuqfajtjkq9lae542',
)
[ info ] [ PARAM ] array (
  'nozzle' => 'concern',
  'token' => 'd48bd77a6715b6bc14d5d8957fd33fc9',
)
[ info ] [ DB ] INIT mysql
[ info ] [ RUN ] app\index\controller\Index->index[ /www/web/test/yifu/serve/application/index/controller/Index.php ]
[ info ] [ LOG ] INIT File
[ sql ] [ DB ] CONNECT:[ UseTime:0.000437s ] mysql:host=127.0.0.1;port=3306;dbname=futures;charset=utf8
[ sql ] [ SQL ] SHOW COLUMNS FROM `sn_user` [ RunTime:0.001663s ]
[ sql ] [ SQL ] SELECT * FROM `sn_user` WHERE  `token` = 'd48bd77a6715b6bc14d5d8957fd33fc9'  AND `status` = 1 LIMIT 1 [ RunTime:0.000415s ]
[ sql ] [ EXPLAIN : array (
  'id' => 1,
  'select_type' => 'SIMPLE',
  'table' => 'sn_user',
  'type' => 'ALL',
  'possible_keys' => NULL,
  'key' => NULL,
  'key_len' => NULL,
  'ref' => NULL,
  'rows' => 7,
  'extra' => 'Using where',
) ]
[ sql ] [ SQL ] SHOW COLUMNS FROM `sn_user_account` [ RunTime:0.001323s ]
[ sql ] [ SQL ] SELECT `concern` FROM `sn_user_account` WHERE  `uid` = 2 LIMIT 1 [ RunTime:0.000202s ]
[ sql ] [ EXPLAIN : array (
  'id' => 1,
  'select_type' => 'SIMPLE',
  'table' => 'sn_user_account',
  'type' => 'const',
  'possible_keys' => 'PRIMARY',
  'key' => 'PRIMARY',
  'key_len' => '4',
  'ref' => 'const',
  'rows' => 1,
  'extra' => '',
) ]
[ sql ] [ SQL ] SHOW COLUMNS FROM `sn_contract` [ RunTime:0.001541s ]
[ sql ] [ SQL ] SELECT * FROM `sn_contract` WHERE  ( `code` IN ('nf_IC0','nf_IH0','nf_IF0','nf_T1812','nf_TF0') OR `short` IN ('nf_IC0','nf_IH0','nf_IF0','nf_T1812','nf_TF0') ) [ RunTime:0.000291s ]
[ sql ] [ EXPLAIN : array (
  'id' => 1,
  'select_type' => 'SIMPLE',
  'table' => 'sn_contract',
  'type' => 'ALL',
  'possible_keys' => NULL,
  'key' => NULL,
  'key_len' => NULL,
  'ref' => NULL,
  'rows' => 622,
  'extra' => 'Using where',
) ]
---------------------------------------------------------------
[ 2018-11-08T16:53:07+08:00 ] 123.53.38.148 POST /
[ info ] yfserve.bjfable.com/ [运行时间：0.011170s][吞吐率：89.53req/s] [内存消耗：1,535.85kb] [文件加载：82]
[ info ] [ LANG ] /www/web/test/yifu/serve/thinkphp/lang/zh-cn.php
[ info ] [ BIND ] 'index'
[ info ] [ ROUTE ] array (
  'type' => 'module',
  'module' => 
  array (
    0 => 'index',
    1 => NULL,
    2 => NULL,
  ),
)
[ info ] [ HEADER ] array (
  'host' => 'yfserve.bjfable.com',
  'connection' => 'keep-alive',
  'content-length' => '19',
  'accept' => 'application/json, text/plain, */*',
  'origin' => 'http://192.168.1.234:8080',
  'user-agent' => 'Mozilla/5.0 (iPhone; CPU iPhone OS 11_0 like Mac OS X) AppleWebKit/604.1.38 (KHTML, like Gecko) Version/11.0 Mobile/15A372 Safari/604.1',
  'content-type' => 'application/x-www-form-urlencoded',
  'accept-encoding' => 'gzip, deflate',
  'accept-language' => 'zh-CN,zh;q=0.9',
  'cookie' => 'yunsuo_session_verify=d1258a71ec3fd27faced4e2193df3d39; PHPSESSID=e110vnk3okuqfajtjkq9lae542',
)
[ info ] [ PARAM ] array (
  'nozzle' => 'futures_type',
)
[ info ] [ DB ] INIT mysql
[ info ] [ RUN ] app\index\controller\Index->index[ /www/web/test/yifu/serve/application/index/controller/Index.php ]
[ info ] [ LOG ] INIT File
[ sql ] [ DB ] CONNECT:[ UseTime:0.000424s ] mysql:host=127.0.0.1;port=3306;dbname=futures;charset=utf8
[ sql ] [ SQL ] SHOW COLUMNS FROM `sn_futures` [ RunTime:0.001518s ]
[ sql ] [ SQL ] SELECT * FROM `sn_futures` WHERE  `status` = 1 [ RunTime:0.000424s ]
[ sql ] [ EXPLAIN : array (
  'id' => 1,
  'select_type' => 'SIMPLE',
  'table' => 'sn_futures',
  'type' => 'ALL',
  'possible_keys' => NULL,
  'key' => NULL,
  'key_len' => NULL,
  'ref' => NULL,
  'rows' => 83,
  'extra' => 'Using where',
) ]
---------------------------------------------------------------
[ 2018-11-08T16:54:19+08:00 ] 123.53.38.148 POST /
[ info ] yfserve.bjfable.com/ [运行时间：0.015416s][吞吐率：64.87req/s] [内存消耗：1,494.70kb] [文件加载：82]
[ info ] [ LANG ] /www/web/test/yifu/serve/thinkphp/lang/zh-cn.php
[ info ] [ BIND ] 'index'
[ info ] [ ROUTE ] array (
  'type' => 'module',
  'module' => 
  array (
    0 => 'index',
    1 => NULL,
    2 => NULL,
  ),
)
[ info ] [ HEADER ] array (
  'host' => 'yfserve.bjfable.com',
  'connection' => 'keep-alive',
  'content-length' => '53',
  'accept' => 'application/json, text/plain, */*',
  'origin' => 'http://192.168.1.234:8080',
  'user-agent' => 'Mozilla/5.0 (iPhone; CPU iPhone OS 11_0 like Mac OS X) AppleWebKit/604.1.38 (KHTML, like Gecko) Version/11.0 Mobile/15A372 Safari/604.1',
  'content-type' => 'application/x-www-form-urlencoded',
  'accept-encoding' => 'gzip, deflate',
  'accept-language' => 'zh-CN,zh;q=0.9',
  'cookie' => 'yunsuo_session_verify=d1258a71ec3fd27faced4e2193df3d39; PHPSESSID=e110vnk3okuqfajtjkq9lae542',
)
[ info ] [ PARAM ] array (
  'nozzle' => 'concern',
  'token' => 'd48bd77a6715b6bc14d5d8957fd33fc9',
)
[ info ] [ DB ] INIT mysql
[ info ] [ RUN ] app\index\controller\Index->index[ /www/web/test/yifu/serve/application/index/controller/Index.php ]
[ info ] [ LOG ] INIT File
[ sql ] [ DB ] CONNECT:[ UseTime:0.000535s ] mysql:host=127.0.0.1;port=3306;dbname=futures;charset=utf8
[ sql ] [ SQL ] SHOW COLUMNS FROM `sn_user` [ RunTime:0.003051s ]
[ sql ] [ SQL ] SELECT * FROM `sn_user` WHERE  `token` = 'd48bd77a6715b6bc14d5d8957fd33fc9'  AND `status` = 1 LIMIT 1 [ RunTime:0.000394s ]
[ sql ] [ EXPLAIN : array (
  'id' => 1,
  'select_type' => 'SIMPLE',
  'table' => 'sn_user',
  'type' => 'ALL',
  'possible_keys' => NULL,
  'key' => NULL,
  'key_len' => NULL,
  'ref' => NULL,
  'rows' => 7,
  'extra' => 'Using where',
) ]
[ sql ] [ SQL ] SHOW COLUMNS FROM `sn_user_account` [ RunTime:0.001344s ]
[ sql ] [ SQL ] SELECT `concern` FROM `sn_user_account` WHERE  `uid` = 2 LIMIT 1 [ RunTime:0.000181s ]
[ sql ] [ EXPLAIN : array (
  'id' => 1,
  'select_type' => 'SIMPLE',
  'table' => 'sn_user_account',
  'type' => 'const',
  'possible_keys' => 'PRIMARY',
  'key' => 'PRIMARY',
  'key_len' => '4',
  'ref' => 'const',
  'rows' => 1,
  'extra' => '',
) ]
[ sql ] [ SQL ] SHOW COLUMNS FROM `sn_contract` [ RunTime:0.001240s ]
[ sql ] [ SQL ] SELECT * FROM `sn_contract` WHERE  ( `code` IN ('nf_IC0','nf_IH0','nf_IF0','nf_T1812','nf_TF0') OR `short` IN ('nf_IC0','nf_IH0','nf_IF0','nf_T1812','nf_TF0') ) [ RunTime:0.000255s ]
[ sql ] [ EXPLAIN : array (
  'id' => 1,
  'select_type' => 'SIMPLE',
  'table' => 'sn_contract',
  'type' => 'ALL',
  'possible_keys' => NULL,
  'key' => NULL,
  'key_len' => NULL,
  'ref' => NULL,
  'rows' => 622,
  'extra' => 'Using where',
) ]
---------------------------------------------------------------
[ 2018-11-08T16:54:19+08:00 ] 123.53.38.148 POST /
[ info ] yfserve.bjfable.com/ [运行时间：0.011143s][吞吐率：89.74req/s] [内存消耗：1,535.85kb] [文件加载：82]
[ info ] [ LANG ] /www/web/test/yifu/serve/thinkphp/lang/zh-cn.php
[ info ] [ BIND ] 'index'
[ info ] [ ROUTE ] array (
  'type' => 'module',
  'module' => 
  array (
    0 => 'index',
    1 => NULL,
    2 => NULL,
  ),
)
[ info ] [ HEADER ] array (
  'host' => 'yfserve.bjfable.com',
  'connection' => 'keep-alive',
  'content-length' => '19',
  'accept' => 'application/json, text/plain, */*',
  'origin' => 'http://192.168.1.234:8080',
  'user-agent' => 'Mozilla/5.0 (iPhone; CPU iPhone OS 11_0 like Mac OS X) AppleWebKit/604.1.38 (KHTML, like Gecko) Version/11.0 Mobile/15A372 Safari/604.1',
  'content-type' => 'application/x-www-form-urlencoded',
  'accept-encoding' => 'gzip, deflate',
  'accept-language' => 'zh-CN,zh;q=0.9',
  'cookie' => 'yunsuo_session_verify=d1258a71ec3fd27faced4e2193df3d39; PHPSESSID=e110vnk3okuqfajtjkq9lae542',
)
[ info ] [ PARAM ] array (
  'nozzle' => 'futures_type',
)
[ info ] [ DB ] INIT mysql
[ info ] [ RUN ] app\index\controller\Index->index[ /www/web/test/yifu/serve/application/index/controller/Index.php ]
[ info ] [ LOG ] INIT File
[ sql ] [ DB ] CONNECT:[ UseTime:0.000427s ] mysql:host=127.0.0.1;port=3306;dbname=futures;charset=utf8
[ sql ] [ SQL ] SHOW COLUMNS FROM `sn_futures` [ RunTime:0.001846s ]
[ sql ] [ SQL ] SELECT * FROM `sn_futures` WHERE  `status` = 1 [ RunTime:0.000393s ]
[ sql ] [ EXPLAIN : array (
  'id' => 1,
  'select_type' => 'SIMPLE',
  'table' => 'sn_futures',
  'type' => 'ALL',
  'possible_keys' => NULL,
  'key' => NULL,
  'key_len' => NULL,
  'ref' => NULL,
  'rows' => 83,
  'extra' => 'Using where',
) ]
---------------------------------------------------------------
[ 2018-11-08T16:54:37+08:00 ] 123.53.38.148 POST /
[ info ] yfserve.bjfable.com/ [运行时间：0.013336s][吞吐率：74.99req/s] [内存消耗：1,485.66kb] [文件加载：82]
[ info ] [ LANG ] /www/web/test/yifu/serve/thinkphp/lang/zh-cn.php
[ info ] [ BIND ] 'index'
[ info ] [ ROUTE ] array (
  'type' => 'module',
  'module' => 
  array (
    0 => 'index',
    1 => NULL,
    2 => NULL,
  ),
)
[ info ] [ HEADER ] array (
  'host' => 'yfserve.bjfable.com',
  'connection' => 'keep-alive',
  'content-length' => '56',
  'accept' => 'application/json, text/plain, */*',
  'origin' => 'http://192.168.1.234:8080',
  'user-agent' => 'Mozilla/5.0 (iPhone; CPU iPhone OS 11_0 like Mac OS X) AppleWebKit/604.1.38 (KHTML, like Gecko) Version/11.0 Mobile/15A372 Safari/604.1',
  'content-type' => 'application/x-www-form-urlencoded',
  'accept-encoding' => 'gzip, deflate',
  'accept-language' => 'zh-CN,zh;q=0.9',
  'cookie' => 'yunsuo_session_verify=d1258a71ec3fd27faced4e2193df3d39; PHPSESSID=e110vnk3okuqfajtjkq9lae542',
)
[ info ] [ PARAM ] array (
  'nozzle' => 'depot_info',
  'token' => 'd48bd77a6715b6bc14d5d8957fd33fc9',
)
[ info ] [ DB ] INIT mysql
[ info ] [ RUN ] app\index\controller\Index->index[ /www/web/test/yifu/serve/application/index/controller/Index.php ]
[ info ] [ LOG ] INIT File
[ sql ] [ DB ] CONNECT:[ UseTime:0.000640s ] mysql:host=127.0.0.1;port=3306;dbname=futures;charset=utf8
[ sql ] [ SQL ] SHOW COLUMNS FROM `sn_user` [ RunTime:0.001623s ]
[ sql ] [ SQL ] SELECT * FROM `sn_user` WHERE  `token` = 'd48bd77a6715b6bc14d5d8957fd33fc9'  AND `status` = 1 LIMIT 1 [ RunTime:0.000641s ]
[ sql ] [ EXPLAIN : array (
  'id' => 1,
  'select_type' => 'SIMPLE',
  'table' => 'sn_user',
  'type' => 'ALL',
  'possible_keys' => NULL,
  'key' => NULL,
  'key_len' => NULL,
  'ref' => NULL,
  'rows' => 7,
  'extra' => 'Using where',
) ]
[ sql ] [ SQL ] SHOW COLUMNS FROM `sn_depot` [ RunTime:0.001463s ]
[ sql ] [ SQL ] SELECT * FROM `sn_depot` WHERE  `uid` = 2 ORDER BY `time` ASC [ RunTime:0.000264s ]
[ sql ] [ EXPLAIN : array (
  'id' => 1,
  'select_type' => 'SIMPLE',
  'table' => 'sn_depot',
  'type' => 'ALL',
  'possible_keys' => NULL,
  'key' => NULL,
  'key_len' => NULL,
  'ref' => NULL,
  'rows' => 6,
  'extra' => 'Using where; Using filesort',
) ]
[ warn ] SQL:SELECT * FROM `sn_depot` WHERE  `uid` = :where_AND_uid ORDER BY `time` ASC[Using where; Using filesort]
---------------------------------------------------------------
[ 2018-11-08T17:08:34+08:00 ] 101.226.102.70 GET /
[ info ] yfserve.bjfable.com/ [运行时间：0.005799s][吞吐率：172.44req/s] [内存消耗：1,380.08kb] [文件加载：80]
[ info ] [ LANG ] /www/web/test/yifu/serve/thinkphp/lang/zh-cn.php
[ info ] [ BIND ] 'index'
[ info ] [ ROUTE ] array (
  'type' => 'module',
  'module' => 
  array (
    0 => 'index',
    1 => NULL,
    2 => NULL,
  ),
)
[ info ] [ HEADER ] array (
  'host' => 'yfserve.bjfable.com',
  'accept-encoding' => 'deflate, gzip',
  'accept' => '*/*',
  'accept-language' => 'zh-cn',
  'user-agent' => 'Mozilla/5.0 (iPhone; CPU iPhone OS 9_3_4 like Mac OS X) AppleWebKit/601.1.46 (KHTML, like Gecko) Mobile/13G35 QQ/6.5.3.410 V1_IPH_SQ_6.5.3_1_APP_A Pixel/750 Core/UIWebView NetType/2G Mem/117',
  'connection' => 'Close',
)
[ info ] [ PARAM ] array (
)
[ info ] [ DB ] INIT mysql
[ info ] [ RUN ] app\index\controller\Index->index[ /www/web/test/yifu/serve/application/index/controller/Index.php ]
[ info ] [ LOG ] INIT File
---------------------------------------------------------------
[ 2018-11-08T17:42:07+08:00 ] 123.53.38.148 POST /
[ info ] yfserve.bjfable.com/ [运行时间：0.006597s][吞吐率：151.58req/s] [内存消耗：1,382.92kb] [文件加载：80]
[ info ] [ LANG ] /www/web/test/yifu/serve/thinkphp/lang/zh-cn.php
[ info ] [ BIND ] 'index'
[ info ] [ ROUTE ] array (
  'type' => 'module',
  'module' => 
  array (
    0 => 'index',
    1 => NULL,
    2 => NULL,
  ),
)
[ info ] [ HEADER ] array (
  'host' => 'yfserve.bjfable.com',
  'connection' => 'keep-alive',
  'content-length' => '68',
  'pragma' => 'no-cache',
  'cache-control' => 'no-cache',
  'accept' => 'application/json, text/plain, */*',
  'origin' => 'http://192.168.1.234:8080',
  'user-agent' => 'Mozilla/5.0 (iPhone; CPU iPhone OS 11_0 like Mac OS X) AppleWebKit/604.1.38 (KHTML, like Gecko) Version/11.0 Mobile/15A372 Safari/604.1',
  'content-type' => 'application/x-www-form-urlencoded',
  'accept-encoding' => 'gzip, deflate',
  'accept-language' => 'zh-CN,zh;q=0.9',
  'cookie' => 'yunsuo_session_verify=d1258a71ec3fd27faced4e2193df3d39; PHPSESSID=e110vnk3okuqfajtjkq9lae542',
)
[ info ] [ PARAM ] array (
  'nozzle' => 'find_entrust_condition',
  'token' => 'd48bd77a6715b6bc14d5d8957fd33fc9',
)
[ info ] [ DB ] INIT mysql
[ info ] [ RUN ] app\index\controller\Index->index[ /www/web/test/yifu/serve/application/index/controller/Index.php ]
[ info ] [ LOG ] INIT File
---------------------------------------------------------------
[ 2018-11-08T18:24:59+08:00 ] 123.53.38.148 POST /
[ info ] yfserve.bjfable.com/ [运行时间：0.006820s][吞吐率：146.62req/s] [内存消耗：1,361.85kb] [文件加载：79]
[ info ] [ BIND ] 'index'
[ info ] [ ROUTE ] array (
  'type' => 'module',
  'module' => 
  array (
    0 => 'index',
    1 => NULL,
    2 => NULL,
  ),
)
[ info ] [ HEADER ] array (
  'host' => 'yfserve.bjfable.com',
  'connection' => 'keep-alive',
  'content-length' => '24',
  'accept' => '*/*',
  'origin' => 'http://yfweb.bjfable.com',
  'user-agent' => 'Mozilla/5.0 (Windows NT 6.1; WOW64) AppleWebKit/537.36 (KHTML, like Gecko) Chrome/67.0.3396.79 Safari/537.36',
  'content-type' => 'application/x-www-form-urlencoded; charset=UTF-8',
  'referer' => 'http://yfweb.bjfable.com/',
  'accept-encoding' => 'gzip, deflate',
  'accept-language' => 'en-US,en;q=0.9',
)
[ info ] [ PARAM ] array (
  'nozzle' => 'index_info',
  'token' => '',
)
[ info ] [ DB ] INIT mysql
[ info ] [ RUN ] app\index\controller\Index->index[ /www/web/test/yifu/serve/application/index/controller/Index.php ]
[ info ] [ LOG ] INIT File
---------------------------------------------------------------
[ 2018-11-08T18:25:21+08:00 ] 123.53.38.148 POST /
[ info ] yfserve.bjfable.com/ [运行时间：0.013441s][吞吐率：74.40req/s] [内存消耗：1,448.90kb] [文件加载：83]
[ info ] [ BIND ] 'index'
[ info ] [ ROUTE ] array (
  'type' => 'module',
  'module' => 
  array (
    0 => 'index',
    1 => NULL,
    2 => NULL,
  ),
)
[ info ] [ HEADER ] array (
  'host' => 'yfserve.bjfable.com',
  'connection' => 'keep-alive',
  'content-length' => '53',
  'accept' => '*/*',
  'origin' => 'http://yfweb.bjfable.com',
  'user-agent' => 'Mozilla/5.0 (Windows NT 6.1; WOW64) AppleWebKit/537.36 (KHTML, like Gecko) Chrome/67.0.3396.79 Safari/537.36',
  'content-type' => 'application/x-www-form-urlencoded; charset=UTF-8',
  'referer' => 'http://yfweb.bjfable.com/',
  'accept-encoding' => 'gzip, deflate',
  'accept-language' => 'en-US,en;q=0.9',
)
[ info ] [ PARAM ] array (
  'nozzle' => 'login',
  'phone' => '13300000001',
  'password' => '123456',
  'type' => '1',
)
[ info ] [ DB ] INIT mysql
[ info ] [ RUN ] app\index\controller\Index->index[ /www/web/test/yifu/serve/application/index/controller/Index.php ]
[ info ] [ SESSION ] INIT array (
  'id' => '',
  'var_session_id' => '',
  'prefix' => 'think',
  'type' => '',
  'auto_start' => true,
)
[ info ] [ CACHE ] INIT File
[ info ] [ LOG ] INIT File
[ sql ] [ DB ] CONNECT:[ UseTime:0.000447s ] mysql:host=127.0.0.1;port=3306;dbname=futures;charset=utf8
[ sql ] [ SQL ] SHOW COLUMNS FROM `sn_user` [ RunTime:0.001573s ]
[ sql ] [ SQL ] SELECT * FROM `sn_user` WHERE  ( `phone` = '13300000001' OR `name` = '13300000001' OR `number` = '13300000001' )  AND `password` = 'e10adc3949ba59abbe56e057f20f883e' LIMIT 1 [ RunTime:0.000537s ]
[ sql ] [ EXPLAIN : array (
  'id' => 1,
  'select_type' => 'SIMPLE',
  'table' => 'sn_user',
  'type' => 'ALL',
  'possible_keys' => NULL,
  'key' => NULL,
  'key_len' => NULL,
  'ref' => NULL,
  'rows' => 7,
  'extra' => 'Using where',
) ]
[ sql ] [ SQL ] UPDATE `sn_user`  SET `last_time`=0,`login_time`=1541672721,`login_ip`='123.53.38.148',`token`='6c7605d0b59968aaa2fecad4ccaf2411'  WHERE  `id` = 1 [ RunTime:0.003138s ]
---------------------------------------------------------------
[ 2018-11-08T18:25:23+08:00 ] 123.53.38.148 POST /
[ info ] yfserve.bjfable.com/ [运行时间：0.013419s][吞吐率：74.52req/s] [内存消耗：1,469.40kb] [文件加载：80]
[ info ] [ BIND ] 'index'
[ info ] [ ROUTE ] array (
  'type' => 'module',
  'module' => 
  array (
    0 => 'index',
    1 => NULL,
    2 => NULL,
  ),
)
[ info ] [ HEADER ] array (
  'host' => 'yfserve.bjfable.com',
  'connection' => 'keep-alive',
  'content-length' => '62',
  'accept' => '*/*',
  'origin' => 'http://yfweb.bjfable.com',
  'user-agent' => 'Mozilla/5.0 (Windows NT 6.1; WOW64) AppleWebKit/537.36 (KHTML, like Gecko) Chrome/67.0.3396.79 Safari/537.36',
  'content-type' => 'application/x-www-form-urlencoded; charset=UTF-8',
  'referer' => 'http://yfweb.bjfable.com/market.html',
  'accept-encoding' => 'gzip, deflate',
  'accept-language' => 'en-US,en;q=0.9',
)
[ info ] [ PARAM ] array (
  'nozzle' => 'find_user_config',
  'token' => '6c7605d0b59968aaa2fecad4ccaf2411',
)
[ info ] [ DB ] INIT mysql
[ info ] [ RUN ] app\index\controller\Index->index[ /www/web/test/yifu/serve/application/index/controller/Index.php ]
[ info ] [ LOG ] INIT File
[ sql ] [ DB ] CONNECT:[ UseTime:0.000581s ] mysql:host=127.0.0.1;port=3306;dbname=futures;charset=utf8
[ sql ] [ SQL ] SHOW COLUMNS FROM `sn_user` [ RunTime:0.001692s ]
[ sql ] [ SQL ] SELECT * FROM `sn_user` WHERE  `token` = '6c7605d0b59968aaa2fecad4ccaf2411'  AND `status` = 1 LIMIT 1 [ RunTime:0.000498s ]
[ sql ] [ EXPLAIN : array (
  'id' => 1,
  'select_type' => 'SIMPLE',
  'table' => 'sn_user',
  'type' => 'ALL',
  'possible_keys' => NULL,
  'key' => NULL,
  'key_len' => NULL,
  'ref' => NULL,
  'rows' => 7,
  'extra' => 'Using where',
) ]
[ sql ] [ SQL ] SHOW COLUMNS FROM `sn_user_config` [ RunTime:0.001477s ]
[ sql ] [ SQL ] SELECT * FROM `sn_user_config` WHERE  `uid` = 1 LIMIT 1 [ RunTime:0.000386s ]
[ sql ] [ EXPLAIN : array (
  'id' => 1,
  'select_type' => 'SIMPLE',
  'table' => 'sn_user_config',
  'type' => 'ALL',
  'possible_keys' => NULL,
  'key' => NULL,
  'key_len' => NULL,
  'ref' => NULL,
  'rows' => 1,
  'extra' => 'Using where',
) ]
[ sql ] [ SQL ] SELECT * FROM `sn_user_config` WHERE  `uid` = 0 LIMIT 1 [ RunTime:0.000380s ]
[ sql ] [ EXPLAIN : array (
  'id' => 1,
  'select_type' => 'SIMPLE',
  'table' => 'sn_user_config',
  'type' => 'ALL',
  'possible_keys' => NULL,
  'key' => NULL,
  'key_len' => NULL,
  'ref' => NULL,
  'rows' => 1,
  'extra' => 'Using where',
) ]
---------------------------------------------------------------
[ 2018-11-08T18:25:23+08:00 ] 123.53.38.148 POST /
[ info ] yfserve.bjfable.com/ [运行时间：0.016490s][吞吐率：60.64req/s] [内存消耗：1,472.16kb] [文件加载：81]
[ info ] [ BIND ] 'index'
[ info ] [ ROUTE ] array (
  'type' => 'module',
  'module' => 
  array (
    0 => 'index',
    1 => NULL,
    2 => NULL,
  ),
)
[ info ] [ HEADER ] array (
  'host' => 'yfserve.bjfable.com',
  'connection' => 'keep-alive',
  'content-length' => '52',
  'accept' => '*/*',
  'origin' => 'http://yfweb.bjfable.com',
  'user-agent' => 'Mozilla/5.0 (Windows NT 6.1; WOW64) AppleWebKit/537.36 (KHTML, like Gecko) Chrome/67.0.3396.79 Safari/537.36',
  'content-type' => 'application/x-www-form-urlencoded; charset=UTF-8',
  'referer' => 'http://yfweb.bjfable.com/market_lable.html',
  'accept-encoding' => 'gzip, deflate',
  'accept-language' => 'en-US,en;q=0.9',
)
[ info ] [ PARAM ] array (
  'nozzle' => 'bourse',
  'token' => '6c7605d0b59968aaa2fecad4ccaf2411',
)
[ info ] [ DB ] INIT mysql
[ info ] [ RUN ] app\index\controller\Index->index[ /www/web/test/yifu/serve/application/index/controller/Index.php ]
[ info ] [ LOG ] INIT File
[ sql ] [ DB ] CONNECT:[ UseTime:0.000440s ] mysql:host=127.0.0.1;port=3306;dbname=futures;charset=utf8
[ sql ] [ SQL ] SHOW COLUMNS FROM `sn_exchange` [ RunTime:0.001418s ]
[ sql ] [ SQL ] SELECT * FROM `sn_exchange` WHERE  `status` = 1 ORDER BY `sort` DESC [ RunTime:0.000389s ]
[ sql ] [ EXPLAIN : array (
  'id' => 1,
  'select_type' => 'SIMPLE',
  'table' => 'sn_exchange',
  'type' => 'ALL',
  'possible_keys' => NULL,
  'key' => NULL,
  'key_len' => NULL,
  'ref' => NULL,
  'rows' => 13,
  'extra' => 'Using where; Using filesort',
) ]
[ sql ] [ SQL ] SHOW COLUMNS FROM `sn_futures` [ RunTime:0.001471s ]
[ sql ] [ SQL ] SELECT * FROM `sn_futures` WHERE  `status` = 1  AND `bourse` = 4 [ RunTime:0.000360s ]
[ sql ] [ EXPLAIN : array (
  'id' => 1,
  'select_type' => 'SIMPLE',
  'table' => 'sn_futures',
  'type' => 'ALL',
  'possible_keys' => NULL,
  'key' => NULL,
  'key_len' => NULL,
  'ref' => NULL,
  'rows' => 83,
  'extra' => 'Using where',
) ]
[ sql ] [ SQL ] SHOW COLUMNS FROM `sn_contract` [ RunTime:0.001230s ]
[ sql ] [ SQL ] SELECT * FROM `sn_contract` WHERE  `status` = 1  AND `bourse` = 4 [ RunTime:0.000836s ]
[ sql ] [ EXPLAIN : array (
  'id' => 1,
  'select_type' => 'SIMPLE',
  'table' => 'sn_contract',
  'type' => 'ALL',
  'possible_keys' => NULL,
  'key' => NULL,
  'key_len' => NULL,
  'ref' => NULL,
  'rows' => 622,
  'extra' => 'Using where',
) ]
[ warn ] SQL:SELECT * FROM `sn_exchange` WHERE  `status` = :where_AND_status ORDER BY `sort` DESC[Using where; Using filesort]
---------------------------------------------------------------
[ 2018-11-08T18:25:23+08:00 ] 123.53.38.148 POST /
[ info ] yfserve.bjfable.com/ [运行时间：0.011488s][吞吐率：87.05req/s] [内存消耗：1,436.65kb] [文件加载：80]
[ info ] [ BIND ] 'index'
[ info ] [ ROUTE ] array (
  'type' => 'module',
  'module' => 
  array (
    0 => 'index',
    1 => NULL,
    2 => NULL,
  ),
)
[ info ] [ HEADER ] array (
  'host' => 'yfserve.bjfable.com',
  'connection' => 'keep-alive',
  'content-length' => '53',
  'accept' => '*/*',
  'origin' => 'http://yfweb.bjfable.com',
  'user-agent' => 'Mozilla/5.0 (Windows NT 6.1; WOW64) AppleWebKit/537.36 (KHTML, like Gecko) Chrome/67.0.3396.79 Safari/537.36',
  'content-type' => 'application/x-www-form-urlencoded; charset=UTF-8',
  'referer' => 'http://yfweb.bjfable.com/market.html',
  'accept-encoding' => 'gzip, deflate',
  'accept-language' => 'en-US,en;q=0.9',
)
[ info ] [ PARAM ] array (
  'nozzle' => 'account',
  'token' => '6c7605d0b59968aaa2fecad4ccaf2411',
)
[ info ] [ DB ] INIT mysql
[ info ] [ RUN ] app\index\controller\Index->index[ /www/web/test/yifu/serve/application/index/controller/Index.php ]
[ info ] [ LOG ] INIT File
[ sql ] [ DB ] CONNECT:[ UseTime:0.000481s ] mysql:host=127.0.0.1;port=3306;dbname=futures;charset=utf8
[ sql ] [ SQL ] SHOW COLUMNS FROM `sn_user` [ RunTime:0.001557s ]
[ sql ] [ SQL ] SELECT * FROM `sn_user` WHERE  `token` = '6c7605d0b59968aaa2fecad4ccaf2411'  AND `status` = 1 LIMIT 1 [ RunTime:0.000478s ]
[ sql ] [ EXPLAIN : array (
  'id' => 1,
  'select_type' => 'SIMPLE',
  'table' => 'sn_user',
  'type' => 'ALL',
  'possible_keys' => NULL,
  'key' => NULL,
  'key_len' => NULL,
  'ref' => NULL,
  'rows' => 7,
  'extra' => 'Using where',
) ]
[ sql ] [ SQL ] SHOW COLUMNS FROM `sn_user_account` [ RunTime:0.001412s ]
[ sql ] [ SQL ] SELECT * FROM `sn_user_account` WHERE  `uid` = 1 LIMIT 1 [ RunTime:0.000230s ]
[ sql ] [ EXPLAIN : array (
  'id' => 1,
  'select_type' => 'SIMPLE',
  'table' => 'sn_user_account',
  'type' => 'const',
  'possible_keys' => 'PRIMARY',
  'key' => 'PRIMARY',
  'key_len' => '4',
  'ref' => 'const',
  'rows' => 1,
  'extra' => '',
) ]
---------------------------------------------------------------
[ 2018-11-08T18:25:23+08:00 ] 123.53.38.148 POST /
[ info ] yfserve.bjfable.com/ [运行时间：0.009256s][吞吐率：108.04req/s] [内存消耗：1,409.52kb] [文件加载：80]
[ info ] [ BIND ] 'index'
[ info ] [ ROUTE ] array (
  'type' => 'module',
  'module' => 
  array (
    0 => 'index',
    1 => NULL,
    2 => NULL,
  ),
)
[ info ] [ HEADER ] array (
  'host' => 'yfserve.bjfable.com',
  'connection' => 'keep-alive',
  'content-length' => '61',
  'accept' => '*/*',
  'origin' => 'http://yfweb.bjfable.com',
  'user-agent' => 'Mozilla/5.0 (Windows NT 6.1; WOW64) AppleWebKit/537.36 (KHTML, like Gecko) Chrome/67.0.3396.79 Safari/537.36',
  'content-type' => 'application/x-www-form-urlencoded; charset=UTF-8',
  'referer' => 'http://yfweb.bjfable.com/market.html',
  'accept-encoding' => 'gzip, deflate',
  'accept-language' => 'en-US,en;q=0.9',
)
[ info ] [ PARAM ] array (
  'nozzle' => 'protocol',
  'type' => '2',
  'token' => '6c7605d0b59968aaa2fecad4ccaf2411',
)
[ info ] [ DB ] INIT mysql
[ info ] [ RUN ] app\index\controller\Index->index[ /www/web/test/yifu/serve/application/index/controller/Index.php ]
[ info ] [ LOG ] INIT File
[ sql ] [ DB ] CONNECT:[ UseTime:0.000604s ] mysql:host=127.0.0.1;port=3306;dbname=futures;charset=utf8
[ sql ] [ SQL ] SHOW COLUMNS FROM `sn_protocol` [ RunTime:0.001604s ]
[ sql ] [ SQL ] SELECT `content` FROM `sn_protocol` WHERE  `id` = 2 LIMIT 1 [ RunTime:0.000422s ]
[ sql ] [ EXPLAIN : array (
  'id' => 1,
  'select_type' => 'SIMPLE',
  'table' => 'sn_protocol',
  'type' => 'const',
  'possible_keys' => 'PRIMARY',
  'key' => 'PRIMARY',
  'key_len' => '4',
  'ref' => 'const',
  'rows' => 1,
  'extra' => '',
) ]
---------------------------------------------------------------
[ 2018-11-08T18:25:23+08:00 ] 123.53.38.148 POST /
[ info ] yfserve.bjfable.com/ [运行时间：0.010940s][吞吐率：91.41req/s] [内存消耗：1,362.02kb] [文件加载：79]
[ info ] [ BIND ] 'index'
[ info ] [ ROUTE ] array (
  'type' => 'module',
  'module' => 
  array (
    0 => 'index',
    1 => NULL,
    2 => NULL,
  ),
)
[ info ] [ HEADER ] array (
  'host' => 'yfserve.bjfable.com',
  'connection' => 'keep-alive',
  'content-length' => '63',
  'accept' => '*/*',
  'origin' => 'http://yfweb.bjfable.com',
  'user-agent' => 'Mozilla/5.0 (Windows NT 6.1; WOW64) AppleWebKit/537.36 (KHTML, like Gecko) Chrome/67.0.3396.79 Safari/537.36',
  'content-type' => 'application/x-www-form-urlencoded; charset=UTF-8',
  'referer' => 'http://yfweb.bjfable.com/my/my_hold.html',
  'accept-encoding' => 'gzip, deflate',
  'accept-language' => 'en-US,en;q=0.9',
)
[ info ] [ PARAM ] array (
  'nozzle' => 'find_repeal_order',
  'token' => '6c7605d0b59968aaa2fecad4ccaf2411',
)
[ info ] [ DB ] INIT mysql
[ info ] [ RUN ] app\index\controller\Index->index[ /www/web/test/yifu/serve/application/index/controller/Index.php ]
[ info ] [ LOG ] INIT File
---------------------------------------------------------------
[ 2018-11-08T18:25:23+08:00 ] 123.53.38.148 POST /
[ info ] yfserve.bjfable.com/ [运行时间：0.012613s][吞吐率：79.28req/s] [内存消耗：1,480.17kb] [文件加载：81]
[ info ] [ BIND ] 'index'
[ info ] [ ROUTE ] array (
  'type' => 'module',
  'module' => 
  array (
    0 => 'index',
    1 => NULL,
    2 => NULL,
  ),
)
[ info ] [ HEADER ] array (
  'host' => 'yfserve.bjfable.com',
  'connection' => 'keep-alive',
  'content-length' => '56',
  'accept' => '*/*',
  'origin' => 'http://yfweb.bjfable.com',
  'user-agent' => 'Mozilla/5.0 (Windows NT 6.1; WOW64) AppleWebKit/537.36 (KHTML, like Gecko) Chrome/67.0.3396.79 Safari/537.36',
  'content-type' => 'application/x-www-form-urlencoded; charset=UTF-8',
  'referer' => 'http://yfweb.bjfable.com/my/my_hold.html',
  'accept-encoding' => 'gzip, deflate',
  'accept-language' => 'en-US,en;q=0.9',
)
[ info ] [ PARAM ] array (
  'nozzle' => 'depot_info',
  'token' => '6c7605d0b59968aaa2fecad4ccaf2411',
)
[ info ] [ DB ] INIT mysql
[ info ] [ RUN ] app\index\controller\Index->index[ /www/web/test/yifu/serve/application/index/controller/Index.php ]
[ info ] [ LOG ] INIT File
[ sql ] [ DB ] CONNECT:[ UseTime:0.000544s ] mysql:host=127.0.0.1;port=3306;dbname=futures;charset=utf8
[ sql ] [ SQL ] SHOW COLUMNS FROM `sn_user` [ RunTime:0.001518s ]
[ sql ] [ SQL ] SELECT * FROM `sn_user` WHERE  `token` = '6c7605d0b59968aaa2fecad4ccaf2411'  AND `status` = 1 LIMIT 1 [ RunTime:0.000355s ]
[ sql ] [ EXPLAIN : array (
  'id' => 1,
  'select_type' => 'SIMPLE',
  'table' => 'sn_user',
  'type' => 'ALL',
  'possible_keys' => NULL,
  'key' => NULL,
  'key_len' => NULL,
  'ref' => NULL,
  'rows' => 7,
  'extra' => 'Using where',
) ]
[ sql ] [ SQL ] SHOW COLUMNS FROM `sn_depot` [ RunTime:0.001371s ]
[ sql ] [ SQL ] SELECT * FROM `sn_depot` WHERE  `uid` = 1 ORDER BY `time` ASC [ RunTime:0.000264s ]
[ sql ] [ EXPLAIN : array (
  'id' => 1,
  'select_type' => 'SIMPLE',
  'table' => 'sn_depot',
  'type' => 'ALL',
  'possible_keys' => NULL,
  'key' => NULL,
  'key_len' => NULL,
  'ref' => NULL,
  'rows' => 6,
  'extra' => 'Using where; Using filesort',
) ]
[ warn ] SQL:SELECT * FROM `sn_depot` WHERE  `uid` = :where_AND_uid ORDER BY `time` ASC[Using where; Using filesort]
---------------------------------------------------------------
[ 2018-11-08T18:26:07+08:00 ] 123.53.38.148 POST /
[ info ] yfserve.bjfable.com/ [运行时间：0.013873s][吞吐率：72.08req/s] [内存消耗：1,489.33kb] [文件加载：81]
[ info ] [ BIND ] 'index'
[ info ] [ ROUTE ] array (
  'type' => 'module',
  'module' => 
  array (
    0 => 'index',
    1 => NULL,
    2 => NULL,
  ),
)
[ info ] [ HEADER ] array (
  'host' => 'yfserve.bjfable.com',
  'connection' => 'keep-alive',
  'content-length' => '58',
  'accept' => '*/*',
  'origin' => 'http://yfweb.bjfable.com',
  'user-agent' => 'Mozilla/5.0 (Windows NT 6.1; WOW64) AppleWebKit/537.36 (KHTML, like Gecko) Chrome/67.0.3396.79 Safari/537.36',
  'content-type' => 'application/x-www-form-urlencoded; charset=UTF-8',
  'referer' => 'http://yfweb.bjfable.com/my/entrustment.html',
  'accept-encoding' => 'gzip, deflate',
  'accept-language' => 'en-US,en;q=0.9',
)
[ info ] [ PARAM ] array (
  'nozzle' => 'entrust_info',
  'token' => '6c7605d0b59968aaa2fecad4ccaf2411',
)
[ info ] [ DB ] INIT mysql
[ info ] [ RUN ] app\index\controller\Index->index[ /www/web/test/yifu/serve/application/index/controller/Index.php ]
[ info ] [ LOG ] INIT File
[ sql ] [ DB ] CONNECT:[ UseTime:0.000477s ] mysql:host=127.0.0.1;port=3306;dbname=futures;charset=utf8
[ sql ] [ SQL ] SHOW COLUMNS FROM `sn_user` [ RunTime:0.001753s ]
[ sql ] [ SQL ] SELECT * FROM `sn_user` WHERE  `token` = '6c7605d0b59968aaa2fecad4ccaf2411'  AND `status` = 1 LIMIT 1 [ RunTime:0.000370s ]
[ sql ] [ EXPLAIN : array (
  'id' => 1,
  'select_type' => 'SIMPLE',
  'table' => 'sn_user',
  'type' => 'ALL',
  'possible_keys' => NULL,
  'key' => NULL,
  'key_len' => NULL,
  'ref' => NULL,
  'rows' => 7,
  'extra' => 'Using where',
) ]
[ sql ] [ SQL ] SHOW COLUMNS FROM `sn_entrust` [ RunTime:0.001438s ]
[ sql ] [ SQL ] SELECT * FROM `sn_entrust` WHERE  `uid` = 1 ORDER BY `time` DESC [ RunTime:0.000422s ]
[ sql ] [ EXPLAIN : array (
  'id' => 1,
  'select_type' => 'SIMPLE',
  'table' => 'sn_entrust',
  'type' => 'ALL',
  'possible_keys' => NULL,
  'key' => NULL,
  'key_len' => NULL,
  'ref' => NULL,
  'rows' => 11,
  'extra' => 'Using where; Using filesort',
) ]
[ warn ] SQL:SELECT * FROM `sn_entrust` WHERE  `uid` = :where_AND_uid ORDER BY `time` DESC[Using where; Using filesort]
---------------------------------------------------------------
[ 2018-11-08T18:26:08+08:00 ] 123.53.38.148 POST /
[ info ] yfserve.bjfable.com/ [运行时间：0.017019s][吞吐率：58.76req/s] [内存消耗：1,463.14kb] [文件加载：81]
[ info ] [ BIND ] 'index'
[ info ] [ ROUTE ] array (
  'type' => 'module',
  'module' => 
  array (
    0 => 'index',
    1 => NULL,
    2 => NULL,
  ),
)
[ info ] [ HEADER ] array (
  'host' => 'yfserve.bjfable.com',
  'connection' => 'keep-alive',
  'content-length' => '55',
  'accept' => '*/*',
  'origin' => 'http://yfweb.bjfable.com',
  'user-agent' => 'Mozilla/5.0 (Windows NT 6.1; WOW64) AppleWebKit/537.36 (KHTML, like Gecko) Chrome/67.0.3396.79 Safari/537.36',
  'content-type' => 'application/x-www-form-urlencoded; charset=UTF-8',
  'referer' => 'http://yfweb.bjfable.com/my/deal_record.html',
  'accept-encoding' => 'gzip, deflate',
  'accept-language' => 'en-US,en;q=0.9',
)
[ info ] [ PARAM ] array (
  'nozzle' => 'deal_info',
  'token' => '6c7605d0b59968aaa2fecad4ccaf2411',
)
[ info ] [ DB ] INIT mysql
[ info ] [ RUN ] app\index\controller\Index->index[ /www/web/test/yifu/serve/application/index/controller/Index.php ]
[ info ] [ LOG ] INIT File
[ sql ] [ DB ] CONNECT:[ UseTime:0.000836s ] mysql:host=127.0.0.1;port=3306;dbname=futures;charset=utf8
[ sql ] [ SQL ] SHOW COLUMNS FROM `sn_user` [ RunTime:0.002075s ]
[ sql ] [ SQL ] SELECT * FROM `sn_user` WHERE  `token` = '6c7605d0b59968aaa2fecad4ccaf2411'  AND `status` = 1 LIMIT 1 [ RunTime:0.000412s ]
[ sql ] [ EXPLAIN : array (
  'id' => 1,
  'select_type' => 'SIMPLE',
  'table' => 'sn_user',
  'type' => 'ALL',
  'possible_keys' => NULL,
  'key' => NULL,
  'key_len' => NULL,
  'ref' => NULL,
  'rows' => 7,
  'extra' => 'Using where',
) ]
[ sql ] [ SQL ] SHOW COLUMNS FROM `sn_deal` [ RunTime:0.001543s ]
[ sql ] [ SQL ] SELECT * FROM `sn_deal` WHERE  `uid` = 1 ORDER BY `time` DESC [ RunTime:0.000482s ]
[ sql ] [ EXPLAIN : array (
  'id' => 1,
  'select_type' => 'SIMPLE',
  'table' => 'sn_deal',
  'type' => 'ALL',
  'possible_keys' => NULL,
  'key' => NULL,
  'key_len' => NULL,
  'ref' => NULL,
  'rows' => 10,
  'extra' => 'Using where; Using filesort',
) ]
[ warn ] SQL:SELECT * FROM `sn_deal` WHERE  `uid` = :where_AND_uid ORDER BY `time` DESC[Using where; Using filesort]
---------------------------------------------------------------
[ 2018-11-08T18:26:15+08:00 ] 123.53.38.148 POST /
[ info ] yfserve.bjfable.com/ [运行时间：0.014668s][吞吐率：68.18req/s] [内存消耗：1,472.16kb] [文件加载：81]
[ info ] [ BIND ] 'index'
[ info ] [ ROUTE ] array (
  'type' => 'module',
  'module' => 
  array (
    0 => 'index',
    1 => NULL,
    2 => NULL,
  ),
)
[ info ] [ HEADER ] array (
  'host' => 'yfserve.bjfable.com',
  'connection' => 'keep-alive',
  'content-length' => '52',
  'accept' => '*/*',
  'origin' => 'http://yfweb.bjfable.com',
  'user-agent' => 'Mozilla/5.0 (Windows NT 6.1; WOW64) AppleWebKit/537.36 (KHTML, like Gecko) Chrome/67.0.3396.79 Safari/537.36',
  'content-type' => 'application/x-www-form-urlencoded; charset=UTF-8',
  'referer' => 'http://yfweb.bjfable.com/market_lable.html',
  'accept-encoding' => 'gzip, deflate',
  'accept-language' => 'en-US,en;q=0.9',
)
[ info ] [ PARAM ] array (
  'nozzle' => 'bourse',
  'token' => '6c7605d0b59968aaa2fecad4ccaf2411',
)
[ info ] [ DB ] INIT mysql
[ info ] [ RUN ] app\index\controller\Index->index[ /www/web/test/yifu/serve/application/index/controller/Index.php ]
[ info ] [ LOG ] INIT File
[ sql ] [ DB ] CONNECT:[ UseTime:0.000333s ] mysql:host=127.0.0.1;port=3306;dbname=futures;charset=utf8
[ sql ] [ SQL ] SHOW COLUMNS FROM `sn_exchange` [ RunTime:0.001427s ]
[ sql ] [ SQL ] SELECT * FROM `sn_exchange` WHERE  `status` = 1 ORDER BY `sort` DESC [ RunTime:0.000228s ]
[ sql ] [ EXPLAIN : array (
  'id' => 1,
  'select_type' => 'SIMPLE',
  'table' => 'sn_exchange',
  'type' => 'ALL',
  'possible_keys' => NULL,
  'key' => NULL,
  'key_len' => NULL,
  'ref' => NULL,
  'rows' => 13,
  'extra' => 'Using where; Using filesort',
) ]
[ sql ] [ SQL ] SHOW COLUMNS FROM `sn_futures` [ RunTime:0.001363s ]
[ sql ] [ SQL ] SELECT * FROM `sn_futures` WHERE  `status` = 1  AND `bourse` = 4 [ RunTime:0.000785s ]
[ sql ] [ EXPLAIN : array (
  'id' => 1,
  'select_type' => 'SIMPLE',
  'table' => 'sn_futures',
  'type' => 'ALL',
  'possible_keys' => NULL,
  'key' => NULL,
  'key_len' => NULL,
  'ref' => NULL,
  'rows' => 83,
  'extra' => 'Using where',
) ]
[ sql ] [ SQL ] SHOW COLUMNS FROM `sn_contract` [ RunTime:0.001407s ]
[ sql ] [ SQL ] SELECT * FROM `sn_contract` WHERE  `status` = 1  AND `bourse` = 4 [ RunTime:0.000255s ]
[ sql ] [ EXPLAIN : array (
  'id' => 1,
  'select_type' => 'SIMPLE',
  'table' => 'sn_contract',
  'type' => 'ALL',
  'possible_keys' => NULL,
  'key' => NULL,
  'key_len' => NULL,
  'ref' => NULL,
  'rows' => 622,
  'extra' => 'Using where',
) ]
[ warn ] SQL:SELECT * FROM `sn_exchange` WHERE  `status` = :where_AND_status ORDER BY `sort` DESC[Using where; Using filesort]
---------------------------------------------------------------
[ 2018-11-08T20:11:04+08:00 ] 123.53.38.148 POST /
[ info ] yfserve.bjfable.com/ [运行时间：0.007588s][吞吐率：131.78req/s] [内存消耗：1,361.85kb] [文件加载：79]
[ info ] [ BIND ] 'index'
[ info ] [ ROUTE ] array (
  'type' => 'module',
  'module' => 
  array (
    0 => 'index',
    1 => NULL,
    2 => NULL,
  ),
)
[ info ] [ HEADER ] array (
  'host' => 'yfserve.bjfable.com',
  'connection' => 'keep-alive',
  'content-length' => '24',
  'accept' => '*/*',
  'origin' => 'http://yfweb.bjfable.com',
  'user-agent' => 'Mozilla/5.0 (Windows NT 6.1; WOW64) AppleWebKit/537.36 (KHTML, like Gecko) Chrome/67.0.3396.79 Safari/537.36',
  'content-type' => 'application/x-www-form-urlencoded; charset=UTF-8',
  'referer' => 'http://yfweb.bjfable.com/',
  'accept-encoding' => 'gzip, deflate',
  'accept-language' => 'en-US,en;q=0.9',
)
[ info ] [ PARAM ] array (
  'nozzle' => 'index_info',
  'token' => '',
)
[ info ] [ DB ] INIT mysql
[ info ] [ RUN ] app\index\controller\Index->index[ /www/web/test/yifu/serve/application/index/controller/Index.php ]
[ info ] [ LOG ] INIT File
---------------------------------------------------------------
[ 2018-11-08T20:12:44+08:00 ] 123.53.38.148 POST /
[ info ] yfserve.bjfable.com/ [运行时间：0.006659s][吞吐率：150.17req/s] [内存消耗：1,361.85kb] [文件加载：79]
[ info ] [ BIND ] 'index'
[ info ] [ ROUTE ] array (
  'type' => 'module',
  'module' => 
  array (
    0 => 'index',
    1 => NULL,
    2 => NULL,
  ),
)
[ info ] [ HEADER ] array (
  'host' => 'yfserve.bjfable.com',
  'connection' => 'keep-alive',
  'content-length' => '24',
  'accept' => '*/*',
  'origin' => 'http://yfweb.bjfable.com',
  'user-agent' => 'Mozilla/5.0 (Windows NT 6.1; WOW64) AppleWebKit/537.36 (KHTML, like Gecko) Chrome/67.0.3396.79 Safari/537.36',
  'content-type' => 'application/x-www-form-urlencoded; charset=UTF-8',
  'referer' => 'http://yfweb.bjfable.com/',
  'accept-encoding' => 'gzip, deflate',
  'accept-language' => 'en-US,en;q=0.9',
)
[ info ] [ PARAM ] array (
  'nozzle' => 'index_info',
  'token' => '',
)
[ info ] [ DB ] INIT mysql
[ info ] [ RUN ] app\index\controller\Index->index[ /www/web/test/yifu/serve/application/index/controller/Index.php ]
[ info ] [ LOG ] INIT File
